{"numTotalTestSuites":27,"numPassedTestSuites":27,"numFailedTestSuites":0,"numPendingTestSuites":0,"numTotalTests":23,"numPassedTests":23,"numFailedTests":0,"numPendingTests":0,"numTodoTests":0,"snapshot":{"added":0,"failure":false,"filesAdded":0,"filesRemoved":0,"filesRemovedList":[],"filesUnmatched":0,"filesUpdated":0,"matched":0,"total":0,"unchecked":0,"uncheckedKeysByFile":[],"unmatched":0,"updated":0,"didUpdate":false},"startTime":1743856545287,"success":true,"testResults":[{"assertionResults":[{"ancestorTitles":["App"],"fullName":"App renders without crashing","status":"passed","title":"renders without crashing","duration":8.806874999999991,"failureMessages":[],"meta":{}}],"startTime":1743856546537,"endTime":1743856546545.807,"status":"passed","message":"","name":"/Users/zengjingyuan/Projects/Adelaide-Fringe/frontend/src/App.test.jsx"},{"assertionResults":[{"ancestorTitles":["EventDetailPage"],"fullName":"EventDetailPage displays event details","status":"passed","title":"displays event details","duration":56.16987500000005,"failureMessages":[],"meta":{}},{"ancestorTitles":["EventDetailPage"],"fullName":"EventDetailPage handles event not found","status":"passed","title":"handles event not found","duration":9.850666000000047,"failureMessages":[],"meta":{}}],"startTime":1743856546158,"endTime":1743856546223.8506,"status":"passed","message":"","name":"/Users/zengjingyuan/Projects/Adelaide-Fringe/frontend/src/pages/EventDetailPage.test.jsx"},{"assertionResults":[{"ancestorTitles":["EventsPage"],"fullName":"EventsPage renders events list","status":"passed","title":"renders events list","duration":36.561375,"failureMessages":[],"meta":{}},{"ancestorTitles":["EventsPage"],"fullName":"EventsPage can filter events","status":"passed","title":"can filter events","duration":9.68629199999998,"failureMessages":[],"meta":{}}],"startTime":1743856546192,"endTime":1743856546238.6863,"status":"passed","message":"","name":"/Users/zengjingyuan/Projects/Adelaide-Fringe/frontend/src/pages/EventsPage.test.jsx"},{"assertionResults":[{"ancestorTitles":["HomePage"],"fullName":"HomePage renders featured events section","status":"passed","title":"renders featured events section","duration":62.34725000000003,"failureMessages":[],"meta":{}}],"startTime":1743856546198,"endTime":1743856546260.3472,"status":"passed","message":"","name":"/Users/zengjingyuan/Projects/Adelaide-Fringe/frontend/src/pages/HomePage.test.jsx"},{"assertionResults":[{"ancestorTitles":["authService","login"],"fullName":"authService login handles successful login","status":"passed","title":"handles successful login","duration":5.4785830000000715,"failureMessages":[],"meta":{}},{"ancestorTitles":["authService","login"],"fullName":"authService login handles login failure","status":"passed","title":"handles login failure","duration":0.669208000000026,"failureMessages":[],"meta":{}},{"ancestorTitles":["authService","logout"],"fullName":"authService logout removes user data and calls API","status":"passed","title":"removes user data and calls API","duration":0.4298750000000382,"failureMessages":[],"meta":{}},{"ancestorTitles":["authService","getCurrentUser"],"fullName":"authService getCurrentUser returns user from localStorage","status":"passed","title":"returns user from localStorage","duration":0.186333999999988,"failureMessages":[],"meta":{}},{"ancestorTitles":["authService","getCurrentUser"],"fullName":"authService getCurrentUser returns null when no user in localStorage","status":"passed","title":"returns null when no user in localStorage","duration":0.34274999999990996,"failureMessages":[],"meta":{}},{"ancestorTitles":["authService","isAuthenticated"],"fullName":"authService isAuthenticated returns true when user is logged in","status":"passed","title":"returns true when user is logged in","duration":0.19570899999996527,"failureMessages":[],"meta":{}},{"ancestorTitles":["authService","isAuthenticated"],"fullName":"authService isAuthenticated returns false when user is not logged in","status":"passed","title":"returns false when user is not logged in","duration":0.0944169999999076,"failureMessages":[],"meta":{}}],"startTime":1743856546039,"endTime":1743856546047.0945,"status":"passed","message":"","name":"/Users/zengjingyuan/Projects/Adelaide-Fringe/frontend/src/services/authService.test.js"},{"assertionResults":[{"ancestorTitles":["eventService","getAllEvents"],"fullName":"eventService getAllEvents returns all events","status":"passed","title":"returns all events","duration":1.1987910000000284,"failureMessages":[],"meta":{}},{"ancestorTitles":["eventService","getFeaturedEvents"],"fullName":"eventService getFeaturedEvents returns featured events","status":"passed","title":"returns featured events","duration":0.20641699999998764,"failureMessages":[],"meta":{}},{"ancestorTitles":["eventService","getEventById"],"fullName":"eventService getEventById returns event with matching id","status":"passed","title":"returns event with matching id","duration":0.15804100000002563,"failureMessages":[],"meta":{}},{"ancestorTitles":["eventService","getEventById"],"fullName":"eventService getEventById rejects when event not found","status":"passed","title":"rejects when event not found","duration":0.5776250000000118,"failureMessages":[],"meta":{}}],"startTime":1743856546072,"endTime":1743856546073.5776,"status":"passed","message":"","name":"/Users/zengjingyuan/Projects/Adelaide-Fringe/frontend/src/services/eventService.test.jsx"},{"assertionResults":[{"ancestorTitles":["EventCard"],"fullName":"EventCard renders event information correctly","status":"passed","title":"renders event information correctly","duration":18.604625000000055,"failureMessages":[],"meta":{}}],"startTime":1743856546154,"endTime":1743856546172.6047,"status":"passed","message":"","name":"/Users/zengjingyuan/Projects/Adelaide-Fringe/frontend/src/utils/EventCard.test.jsx"},{"assertionResults":[{"ancestorTitles":["EventList"],"fullName":"EventList renders a list of events","status":"passed","title":"renders a list of events","duration":41.20470799999998,"failureMessages":[],"meta":{}},{"ancestorTitles":["EventList"],"fullName":"EventList renders an empty grid when no events","status":"passed","title":"renders an empty grid when no events","duration":6.143292000000088,"failureMessages":[],"meta":{}}],"startTime":1743856546155,"endTime":1743856546203.1433,"status":"passed","message":"","name":"/Users/zengjingyuan/Projects/Adelaide-Fringe/frontend/src/utils/EventList.test.jsx"},{"assertionResults":[{"ancestorTitles":["基本测试"],"fullName":"基本测试 可以运行最基本的测试","status":"passed","title":"可以运行最基本的测试","duration":0.5815000000000055,"failureMessages":[],"meta":{}},{"ancestorTitles":["基本测试"],"fullName":"基本测试 可以测试一个简单函数","status":"passed","title":"可以测试一个简单函数","duration":0.21791699999999992,"failureMessages":[],"meta":{}}],"startTime":1743856546545,"endTime":1743856546545.5815,"status":"passed","message":"","name":"/Users/zengjingyuan/Projects/Adelaide-Fringe/frontend/src/utils/basic.test.js"},{"assertionResults":[{"ancestorTitles":["SimpleComponent"],"fullName":"SimpleComponent renders title and content","status":"passed","title":"renders title and content","duration":8.960166999999956,"failureMessages":[],"meta":{}}],"startTime":1743856546537,"endTime":1743856546545.9602,"status":"passed","message":"","name":"/Users/zengjingyuan/Projects/Adelaide-Fringe/frontend/src/utils/simple-component.test.jsx"}],"coverageMap":{"/Users/zengjingyuan/Projects/Adelaide-Fringe/frontend/src/utils/EventCard.jsx":{"path":"/Users/zengjingyuan/Projects/Adelaide-Fringe/frontend/src/utils/EventCard.jsx","statementMap":{"0":{"start":{"line":5,"column":18},"end":{"line":22,"column":null}},"1":{"start":{"line":6,"column":41},"end":{"line":6,"column":null}},"2":{"start":{"line":8,"column":2},"end":{"line":20,"column":null}}},"fnMap":{"0":{"name":"(anonymous_0)","decl":{"start":{"line":5,"column":18},"end":{"line":5,"column":19}},"loc":{"start":{"line":5,"column":33},"end":{"line":22,"column":null}}}},"branchMap":{},"s":{"0":2,"1":2,"2":2},"f":{"0":2},"b":{}},"/Users/zengjingyuan/Projects/Adelaide-Fringe/frontend/src/services/authService.js":{"path":"/Users/zengjingyuan/Projects/Adelaide-Fringe/frontend/src/services/authService.js","statementMap":{"0":{"start":{"line":5,"column":17},"end":{"line":5,"column":23}},"1":{"start":{"line":11,"column":15},"end":{"line":13,"column":1}},"2":{"start":{"line":12,"column":2},"end":{"line":12,"column":34}},"3":{"start":{"line":22,"column":21},"end":{"line":50,"column":1}},"4":{"start":{"line":23,"column":2},"end":{"line":49,"column":7}},"5":{"start":{"line":32,"column":6},"end":{"line":36,"column":7}},"6":{"start":{"line":33,"column":8},"end":{"line":35,"column":11}},"7":{"start":{"line":34,"column":10},"end":{"line":34,"column":20}},"8":{"start":{"line":37,"column":6},"end":{"line":37,"column":29}},"9":{"start":{"line":42,"column":6},"end":{"line":42,"column":57}},"10":{"start":{"line":43,"column":6},"end":{"line":43,"column":49}},"11":{"start":{"line":46,"column":6},"end":{"line":46,"column":38}},"12":{"start":{"line":48,"column":6},"end":{"line":48,"column":18}},"13":{"start":{"line":57,"column":24},"end":{"line":84,"column":1}},"14":{"start":{"line":58,"column":2},"end":{"line":83,"column":7}},"15":{"start":{"line":67,"column":6},"end":{"line":71,"column":7}},"16":{"start":{"line":68,"column":8},"end":{"line":70,"column":11}},"17":{"start":{"line":69,"column":10},"end":{"line":69,"column":20}},"18":{"start":{"line":72,"column":6},"end":{"line":72,"column":29}},"19":{"start":{"line":76,"column":6},"end":{"line":82,"column":7}},"20":{"start":{"line":78,"column":8},"end":{"line":78,"column":42}},"21":{"start":{"line":81,"column":8},"end":{"line":81,"column":60}},"22":{"start":{"line":90,"column":30},"end":{"line":100,"column":1}},"23":{"start":{"line":91,"column":18},"end":{"line":91,"column":46}},"24":{"start":{"line":92,"column":2},"end":{"line":92,"column":28}},"25":{"start":{"line":92,"column":16},"end":{"line":92,"column":28}},"26":{"start":{"line":94,"column":2},"end":{"line":99,"column":3}},"27":{"start":{"line":95,"column":4},"end":{"line":95,"column":31}},"28":{"start":{"line":97,"column":4},"end":{"line":97,"column":67}},"29":{"start":{"line":98,"column":4},"end":{"line":98,"column":16}},"30":{"start":{"line":105,"column":22},"end":{"line":121,"column":1}},"31":{"start":{"line":106,"column":2},"end":{"line":120,"column":7}},"32":{"start":{"line":111,"column":6},"end":{"line":111,"column":44}},"33":{"start":{"line":112,"column":6},"end":{"line":112,"column":38}},"34":{"start":{"line":113,"column":6},"end":{"line":113,"column":31}},"35":{"start":{"line":116,"column":6},"end":{"line":116,"column":44}},"36":{"start":{"line":117,"column":6},"end":{"line":117,"column":44}},"37":{"start":{"line":118,"column":6},"end":{"line":118,"column":38}},"38":{"start":{"line":119,"column":6},"end":{"line":119,"column":31}},"39":{"start":{"line":126,"column":31},"end":{"line":132,"column":1}},"40":{"start":{"line":129,"column":21},"end":{"line":129,"column":55}},"41":{"start":{"line":130,"column":15},"end":{"line":130,"column":31}},"42":{"start":{"line":131,"column":2},"end":{"line":131,"column":41}},"43":{"start":{"line":140,"column":36},"end":{"line":164,"column":1}},"44":{"start":{"line":142,"column":22},"end":{"line":145,"column":3}},"45":{"start":{"line":147,"column":2},"end":{"line":163,"column":5}},"46":{"start":{"line":148,"column":4},"end":{"line":154,"column":5}},"47":{"start":{"line":150,"column":6},"end":{"line":150,"column":44}},"48":{"start":{"line":151,"column":6},"end":{"line":151,"column":38}},"49":{"start":{"line":152,"column":6},"end":{"line":152,"column":33}},"50":{"start":{"line":153,"column":6},"end":{"line":153,"column":62}},"51":{"start":{"line":156,"column":4},"end":{"line":160,"column":5}},"52":{"start":{"line":157,"column":6},"end":{"line":159,"column":9}},"53":{"start":{"line":158,"column":8},"end":{"line":158,"column":18}},"54":{"start":{"line":162,"column":4},"end":{"line":162,"column":27}},"55":{"start":{"line":172,"column":30},"end":{"line":193,"column":1}},"56":{"start":{"line":174,"column":2},"end":{"line":174,"column":42}},"57":{"start":{"line":177,"column":2},"end":{"line":179,"column":3}},"58":{"start":{"line":178,"column":4},"end":{"line":178,"column":36}},"59":{"start":{"line":182,"column":2},"end":{"line":184,"column":3}},"60":{"start":{"line":183,"column":4},"end":{"line":183,"column":31}},"61":{"start":{"line":187,"column":2},"end":{"line":189,"column":3}},"62":{"start":{"line":188,"column":4},"end":{"line":188,"column":25}},"63":{"start":{"line":192,"column":2},"end":{"line":192,"column":31}},"64":{"start":{"line":199,"column":23},"end":{"line":208,"column":1}},"65":{"start":{"line":200,"column":15},"end":{"line":200,"column":31}},"66":{"start":{"line":202,"column":2},"end":{"line":207,"column":4}},"67":{"start":{"line":214,"column":27},"end":{"line":217,"column":1}},"68":{"start":{"line":215,"column":15},"end":{"line":215,"column":31}},"69":{"start":{"line":216,"column":2},"end":{"line":216,"column":33}}},"fnMap":{"0":{"name":"(anonymous_0)","decl":{"start":{"line":11,"column":15},"end":{"line":11,"column":16}},"loc":{"start":{"line":11,"column":29},"end":{"line":13,"column":1}}},"1":{"name":"(anonymous_1)","decl":{"start":{"line":22,"column":21},"end":{"line":22,"column":22}},"loc":{"start":{"line":22,"column":46},"end":{"line":50,"column":1}}},"2":{"name":"(anonymous_2)","decl":{"start":{"line":31,"column":10},"end":{"line":31,"column":11}},"loc":{"start":{"line":31,"column":24},"end":{"line":38,"column":5}}},"3":{"name":"(anonymous_3)","decl":{"start":{"line":33,"column":36},"end":{"line":33,"column":37}},"loc":{"start":{"line":33,"column":45},"end":{"line":35,"column":9}}},"4":{"name":"(anonymous_4)","decl":{"start":{"line":39,"column":10},"end":{"line":39,"column":11}},"loc":{"start":{"line":39,"column":20},"end":{"line":49,"column":5}}},"5":{"name":"(anonymous_5)","decl":{"start":{"line":57,"column":24},"end":{"line":57,"column":25}},"loc":{"start":{"line":57,"column":55},"end":{"line":84,"column":1}}},"6":{"name":"(anonymous_6)","decl":{"start":{"line":66,"column":10},"end":{"line":66,"column":11}},"loc":{"start":{"line":66,"column":24},"end":{"line":73,"column":5}}},"7":{"name":"(anonymous_7)","decl":{"start":{"line":68,"column":36},"end":{"line":68,"column":37}},"loc":{"start":{"line":68,"column":45},"end":{"line":70,"column":9}}},"8":{"name":"(anonymous_8)","decl":{"start":{"line":74,"column":10},"end":{"line":74,"column":11}},"loc":{"start":{"line":74,"column":20},"end":{"line":83,"column":5}}},"9":{"name":"(anonymous_9)","decl":{"start":{"line":90,"column":30},"end":{"line":90,"column":31}},"loc":{"start":{"line":90,"column":36},"end":{"line":100,"column":1}}},"10":{"name":"(anonymous_10)","decl":{"start":{"line":105,"column":22},"end":{"line":105,"column":23}},"loc":{"start":{"line":105,"column":28},"end":{"line":121,"column":1}}},"11":{"name":"(anonymous_11)","decl":{"start":{"line":110,"column":10},"end":{"line":110,"column":11}},"loc":{"start":{"line":110,"column":16},"end":{"line":114,"column":5}}},"12":{"name":"(anonymous_12)","decl":{"start":{"line":115,"column":11},"end":{"line":115,"column":12}},"loc":{"start":{"line":115,"column":22},"end":{"line":120,"column":5}}},"13":{"name":"(anonymous_13)","decl":{"start":{"line":126,"column":31},"end":{"line":126,"column":32}},"loc":{"start":{"line":126,"column":37},"end":{"line":132,"column":1}}},"14":{"name":"(anonymous_14)","decl":{"start":{"line":140,"column":36},"end":{"line":140,"column":37}},"loc":{"start":{"line":140,"column":59},"end":{"line":164,"column":1}}},"15":{"name":"(anonymous_15)","decl":{"start":{"line":147,"column":46},"end":{"line":147,"column":47}},"loc":{"start":{"line":147,"column":60},"end":{"line":163,"column":3}}},"16":{"name":"(anonymous_16)","decl":{"start":{"line":157,"column":34},"end":{"line":157,"column":35}},"loc":{"start":{"line":157,"column":43},"end":{"line":159,"column":7}}},"17":{"name":"(anonymous_17)","decl":{"start":{"line":172,"column":30},"end":{"line":172,"column":31}},"loc":{"start":{"line":172,"column":59},"end":{"line":193,"column":1}}},"18":{"name":"(anonymous_18)","decl":{"start":{"line":199,"column":23},"end":{"line":199,"column":24}},"loc":{"start":{"line":199,"column":29},"end":{"line":208,"column":1}}},"19":{"name":"(anonymous_19)","decl":{"start":{"line":214,"column":27},"end":{"line":214,"column":28}},"loc":{"start":{"line":214,"column":33},"end":{"line":217,"column":1}}}},"branchMap":{"0":{"loc":{"start":{"line":32,"column":6},"end":{"line":36,"column":7}},"type":"if","locations":[{"start":{"line":32,"column":6},"end":{"line":36,"column":7}},{"start":{},"end":{}}]},"1":{"loc":{"start":{"line":67,"column":6},"end":{"line":71,"column":7}},"type":"if","locations":[{"start":{"line":67,"column":6},"end":{"line":71,"column":7}},{"start":{},"end":{}}]},"2":{"loc":{"start":{"line":76,"column":6},"end":{"line":82,"column":7}},"type":"if","locations":[{"start":{"line":76,"column":6},"end":{"line":82,"column":7}},{"start":{"line":79,"column":13},"end":{"line":82,"column":7}}]},"3":{"loc":{"start":{"line":76,"column":10},"end":{"line":76,"column":64}},"type":"binary-expr","locations":[{"start":{"line":76,"column":10},"end":{"line":76,"column":31}},{"start":{"line":76,"column":35},"end":{"line":76,"column":44}},{"start":{"line":76,"column":48},"end":{"line":76,"column":64}}]},"4":{"loc":{"start":{"line":92,"column":2},"end":{"line":92,"column":28}},"type":"if","locations":[{"start":{"line":92,"column":2},"end":{"line":92,"column":28}},{"start":{},"end":{}}]},"5":{"loc":{"start":{"line":131,"column":9},"end":{"line":131,"column":40}},"type":"binary-expr","locations":[{"start":{"line":131,"column":9},"end":{"line":131,"column":30}},{"start":{"line":131,"column":34},"end":{"line":131,"column":40}}]},"6":{"loc":{"start":{"line":140,"column":42},"end":{"line":140,"column":54}},"type":"default-arg","locations":[{"start":{"line":140,"column":52},"end":{"line":140,"column":54}}]},"7":{"loc":{"start":{"line":148,"column":4},"end":{"line":154,"column":5}},"type":"if","locations":[{"start":{"line":148,"column":4},"end":{"line":154,"column":5}},{"start":{},"end":{}}]},"8":{"loc":{"start":{"line":156,"column":4},"end":{"line":160,"column":5}},"type":"if","locations":[{"start":{"line":156,"column":4},"end":{"line":160,"column":5}},{"start":{},"end":{}}]},"9":{"loc":{"start":{"line":172,"column":38},"end":{"line":172,"column":54}},"type":"default-arg","locations":[{"start":{"line":172,"column":50},"end":{"line":172,"column":54}}]},"10":{"loc":{"start":{"line":177,"column":2},"end":{"line":179,"column":3}},"type":"if","locations":[{"start":{"line":177,"column":2},"end":{"line":179,"column":3}},{"start":{},"end":{}}]},"11":{"loc":{"start":{"line":177,"column":6},"end":{"line":177,"column":71}},"type":"binary-expr","locations":[{"start":{"line":177,"column":6},"end":{"line":177,"column":32}},{"start":{"line":177,"column":36},"end":{"line":177,"column":71}}]},"12":{"loc":{"start":{"line":182,"column":2},"end":{"line":184,"column":3}},"type":"if","locations":[{"start":{"line":182,"column":2},"end":{"line":184,"column":3}},{"start":{},"end":{}}]},"13":{"loc":{"start":{"line":182,"column":6},"end":{"line":182,"column":68}},"type":"binary-expr","locations":[{"start":{"line":182,"column":6},"end":{"line":182,"column":34}},{"start":{"line":182,"column":38},"end":{"line":182,"column":68}}]},"14":{"loc":{"start":{"line":187,"column":2},"end":{"line":189,"column":3}},"type":"if","locations":[{"start":{"line":187,"column":2},"end":{"line":189,"column":3}},{"start":{},"end":{}}]},"15":{"loc":{"start":{"line":203,"column":4},"end":{"line":206,"column":36}},"type":"binary-expr","locations":[{"start":{"line":203,"column":4},"end":{"line":203,"column":8}},{"start":{"line":204,"column":5},"end":{"line":204,"column":26}},{"start":{"line":205,"column":6},"end":{"line":205,"column":27}},{"start":{"line":206,"column":6},"end":{"line":206,"column":35}}]},"16":{"loc":{"start":{"line":216,"column":9},"end":{"line":216,"column":32}},"type":"cond-expr","locations":[{"start":{"line":216,"column":16},"end":{"line":216,"column":25}},{"start":{"line":216,"column":28},"end":{"line":216,"column":32}}]}},"s":{"0":1,"1":1,"2":3,"3":1,"4":2,"5":2,"6":1,"7":1,"8":1,"9":1,"10":1,"11":1,"12":1,"13":1,"14":0,"15":0,"16":0,"17":0,"18":0,"19":0,"20":0,"21":0,"22":1,"23":4,"24":4,"25":2,"26":2,"27":2,"28":0,"29":0,"30":1,"31":1,"32":1,"33":1,"34":1,"35":0,"36":0,"37":0,"38":0,"39":1,"40":2,"41":2,"42":2,"43":1,"44":0,"45":0,"46":0,"47":0,"48":0,"49":0,"50":0,"51":0,"52":0,"53":0,"54":0,"55":1,"56":0,"57":0,"58":0,"59":0,"60":0,"61":0,"62":0,"63":0,"64":1,"65":0,"66":0,"67":1,"68":0,"69":0},"f":{"0":3,"1":2,"2":2,"3":1,"4":1,"5":0,"6":0,"7":0,"8":0,"9":4,"10":1,"11":1,"12":0,"13":2,"14":0,"15":0,"16":0,"17":0,"18":0,"19":0},"b":{"0":[1,1],"1":[0,0],"2":[0,0],"3":[0,0,0],"4":[2,2],"5":[2,1],"6":[0],"7":[0,0],"8":[0,0],"9":[0],"10":[0,0],"11":[0,0],"12":[0,0],"13":[0,0],"14":[0,0],"15":[0,0,0,0],"16":[0,0]}},"/Users/zengjingyuan/Projects/Adelaide-Fringe/frontend/src/services/eventService.jsx":{"path":"/Users/zengjingyuan/Projects/Adelaide-Fringe/frontend/src/services/eventService.jsx","statementMap":{"0":{"start":{"line":2,"column":15},"end":{"line":69,"column":null}},"1":{"start":{"line":72,"column":28},"end":{"line":74,"column":null}},"2":{"start":{"line":73,"column":2},"end":{"line":73,"column":null}},"3":{"start":{"line":77,"column":33},"end":{"line":79,"column":null}},"4":{"start":{"line":78,"column":2},"end":{"line":78,"column":null}},"5":{"start":{"line":82,"column":28},"end":{"line":88,"column":null}},"6":{"start":{"line":83,"column":16},"end":{"line":83,"column":null}},"7":{"start":{"line":83,"column":37},"end":{"line":83,"column":52}},"8":{"start":{"line":84,"column":2},"end":{"line":86,"column":null}},"9":{"start":{"line":85,"column":4},"end":{"line":85,"column":null}},"10":{"start":{"line":87,"column":2},"end":{"line":87,"column":null}}},"fnMap":{"0":{"name":"(anonymous_0)","decl":{"start":{"line":72,"column":28},"end":{"line":72,"column":34}},"loc":{"start":{"line":72,"column":34},"end":{"line":74,"column":null}}},"1":{"name":"(anonymous_1)","decl":{"start":{"line":77,"column":33},"end":{"line":77,"column":39}},"loc":{"start":{"line":77,"column":39},"end":{"line":79,"column":null}}},"2":{"name":"(anonymous_2)","decl":{"start":{"line":82,"column":28},"end":{"line":82,"column":29}},"loc":{"start":{"line":82,"column":36},"end":{"line":88,"column":null}}},"3":{"name":"(anonymous_3)","decl":{"start":{"line":83,"column":28},"end":{"line":83,"column":37}},"loc":{"start":{"line":83,"column":37},"end":{"line":83,"column":52}}}},"branchMap":{"0":{"loc":{"start":{"line":84,"column":2},"end":{"line":86,"column":null}},"type":"if","locations":[{"start":{"line":84,"column":2},"end":{"line":86,"column":null}},{"start":{},"end":{}}]}},"s":{"0":3,"1":3,"2":1,"3":3,"4":1,"5":3,"6":2,"7":8,"8":2,"9":1,"10":1},"f":{"0":1,"1":1,"2":2,"3":8},"b":{"0":[1,1]}},"/Users/zengjingyuan/Projects/Adelaide-Fringe/frontend/src/pages/EventDetailPage.jsx":{"path":"/Users/zengjingyuan/Projects/Adelaide-Fringe/frontend/src/pages/EventDetailPage.jsx","statementMap":{"0":{"start":{"line":6,"column":24},"end":{"line":79,"column":null}},"1":{"start":{"line":7,"column":17},"end":{"line":7,"column":null}},"2":{"start":{"line":8,"column":28},"end":{"line":8,"column":null}},"3":{"start":{"line":9,"column":32},"end":{"line":9,"column":null}},"4":{"start":{"line":10,"column":28},"end":{"line":10,"column":null}},"5":{"start":{"line":12,"column":2},"end":{"line":23,"column":null}},"6":{"start":{"line":14,"column":4},"end":{"line":22,"column":null}},"7":{"start":{"line":16,"column":8},"end":{"line":16,"column":null}},"8":{"start":{"line":17,"column":8},"end":{"line":17,"column":null}},"9":{"start":{"line":20,"column":8},"end":{"line":20,"column":null}},"10":{"start":{"line":21,"column":8},"end":{"line":21,"column":null}},"11":{"start":{"line":25,"column":2},"end":{"line":27,"column":null}},"12":{"start":{"line":26,"column":4},"end":{"line":26,"column":null}},"13":{"start":{"line":29,"column":2},"end":{"line":31,"column":null}},"14":{"start":{"line":30,"column":4},"end":{"line":30,"column":null}},"15":{"start":{"line":33,"column":2},"end":{"line":35,"column":null}},"16":{"start":{"line":34,"column":4},"end":{"line":34,"column":null}},"17":{"start":{"line":37,"column":2},"end":{"line":77,"column":null}}},"fnMap":{"0":{"name":"(anonymous_0)","decl":{"start":{"line":6,"column":24},"end":{"line":6,"column":30}},"loc":{"start":{"line":6,"column":30},"end":{"line":79,"column":null}}},"1":{"name":"(anonymous_1)","decl":{"start":{"line":12,"column":12},"end":{"line":12,"column":18}},"loc":{"start":{"line":12,"column":18},"end":{"line":23,"column":5}}},"2":{"name":"(anonymous_2)","decl":{"start":{"line":15,"column":12},"end":{"line":15,"column":20}},"loc":{"start":{"line":15,"column":20},"end":{"line":18,"column":7}}},"3":{"name":"(anonymous_3)","decl":{"start":{"line":19,"column":13},"end":{"line":19,"column":20}},"loc":{"start":{"line":19,"column":20},"end":{"line":22,"column":7}}}},"branchMap":{"0":{"loc":{"start":{"line":25,"column":2},"end":{"line":27,"column":null}},"type":"if","locations":[{"start":{"line":25,"column":2},"end":{"line":27,"column":null}},{"start":{},"end":{}}]},"1":{"loc":{"start":{"line":29,"column":2},"end":{"line":31,"column":null}},"type":"if","locations":[{"start":{"line":29,"column":2},"end":{"line":31,"column":null}},{"start":{},"end":{}}]},"2":{"loc":{"start":{"line":33,"column":2},"end":{"line":35,"column":null}},"type":"if","locations":[{"start":{"line":33,"column":2},"end":{"line":35,"column":null}},{"start":{},"end":{}}]}},"s":{"0":1,"1":4,"2":4,"3":4,"4":4,"5":4,"6":2,"7":1,"8":1,"9":1,"10":1,"11":4,"12":2,"13":2,"14":1,"15":1,"16":0,"17":1},"f":{"0":4,"1":2,"2":1,"3":1},"b":{"0":[2,2],"1":[1,1],"2":[0,1]}},"/Users/zengjingyuan/Projects/Adelaide-Fringe/frontend/src/utils/EventList.jsx":{"path":"/Users/zengjingyuan/Projects/Adelaide-Fringe/frontend/src/utils/EventList.jsx","statementMap":{"0":{"start":{"line":5,"column":18},"end":{"line":16,"column":null}},"1":{"start":{"line":6,"column":2},"end":{"line":14,"column":null}},"2":{"start":{"line":11,"column":10},"end":{"line":11,"column":null}}},"fnMap":{"0":{"name":"(anonymous_0)","decl":{"start":{"line":5,"column":18},"end":{"line":5,"column":19}},"loc":{"start":{"line":5,"column":56},"end":{"line":16,"column":null}}},"1":{"name":"(anonymous_1)","decl":{"start":{"line":10,"column":20},"end":{"line":10,"column":null}},"loc":{"start":{"line":11,"column":10},"end":{"line":11,"column":null}}}},"branchMap":{"0":{"loc":{"start":{"line":5,"column":29},"end":{"line":5,"column":50}},"type":"default-arg","locations":[{"start":{"line":5,"column":37},"end":{"line":5,"column":50}}]},"1":{"loc":{"start":{"line":8,"column":7},"end":{"line":8,"column":null}},"type":"binary-expr","locations":[{"start":{"line":8,"column":7},"end":{"line":8,"column":16}},{"start":{"line":8,"column":16},"end":{"line":8,"column":null}}]}},"s":{"0":2,"1":3,"2":3},"f":{"0":3,"1":3},"b":{"0":[1],"1":[3,3]}},"/Users/zengjingyuan/Projects/Adelaide-Fringe/frontend/src/components/common/FilterBar.jsx":{"path":"/Users/zengjingyuan/Projects/Adelaide-Fringe/frontend/src/components/common/FilterBar.jsx","statementMap":{"0":{"start":{"line":4,"column":18},"end":{"line":12,"column":null}},"1":{"start":{"line":5,"column":2},"end":{"line":10,"column":null}}},"fnMap":{"0":{"name":"(anonymous_0)","decl":{"start":{"line":4,"column":18},"end":{"line":4,"column":19}},"loc":{"start":{"line":4,"column":36},"end":{"line":12,"column":null}}}},"branchMap":{},"s":{"0":1,"1":6},"f":{"0":6},"b":{}},"/Users/zengjingyuan/Projects/Adelaide-Fringe/frontend/src/components/common/filters/SearchFilter.jsx":{"path":"/Users/zengjingyuan/Projects/Adelaide-Fringe/frontend/src/components/common/filters/SearchFilter.jsx","statementMap":{"0":{"start":{"line":4,"column":21},"end":{"line":17,"column":null}},"1":{"start":{"line":5,"column":2},"end":{"line":15,"column":null}},"2":{"start":{"line":12,"column":25},"end":{"line":12,"column":null}}},"fnMap":{"0":{"name":"(anonymous_0)","decl":{"start":{"line":4,"column":21},"end":{"line":4,"column":22}},"loc":{"start":{"line":4,"column":57},"end":{"line":17,"column":null}}},"1":{"name":"(anonymous_1)","decl":{"start":{"line":12,"column":18},"end":{"line":12,"column":19}},"loc":{"start":{"line":12,"column":25},"end":{"line":12,"column":null}}}},"branchMap":{},"s":{"0":1,"1":6,"2":0},"f":{"0":6,"1":0},"b":{}},"/Users/zengjingyuan/Projects/Adelaide-Fringe/frontend/src/pages/EventsPage.jsx":{"path":"/Users/zengjingyuan/Projects/Adelaide-Fringe/frontend/src/pages/EventsPage.jsx","statementMap":{"0":{"start":{"line":12,"column":19},"end":{"line":123,"column":null}},"1":{"start":{"line":13,"column":36},"end":{"line":13,"column":null}},"2":{"start":{"line":14,"column":46},"end":{"line":14,"column":null}},"3":{"start":{"line":15,"column":32},"end":{"line":15,"column":null}},"4":{"start":{"line":18,"column":38},"end":{"line":18,"column":null}},"5":{"start":{"line":19,"column":46},"end":{"line":19,"column":null}},"6":{"start":{"line":20,"column":36},"end":{"line":20,"column":null}},"7":{"start":{"line":21,"column":32},"end":{"line":21,"column":null}},"8":{"start":{"line":22,"column":34},"end":{"line":22,"column":null}},"9":{"start":{"line":23,"column":34},"end":{"line":23,"column":null}},"10":{"start":{"line":26,"column":30},"end":{"line":26,"column":null}},"11":{"start":{"line":28,"column":2},"end":{"line":41,"column":null}},"12":{"start":{"line":30,"column":4},"end":{"line":40,"column":null}},"13":{"start":{"line":32,"column":8},"end":{"line":32,"column":null}},"14":{"start":{"line":33,"column":8},"end":{"line":33,"column":null}},"15":{"start":{"line":34,"column":8},"end":{"line":34,"column":null}},"16":{"start":{"line":35,"column":8},"end":{"line":35,"column":null}},"17":{"start":{"line":38,"column":8},"end":{"line":38,"column":null}},"18":{"start":{"line":39,"column":8},"end":{"line":39,"column":null}},"19":{"start":{"line":44,"column":2},"end":{"line":56,"column":null}},"20":{"start":{"line":45,"column":20},"end":{"line":52,"column":null}},"21":{"start":{"line":54,"column":21},"end":{"line":54,"column":null}},"22":{"start":{"line":55,"column":4},"end":{"line":55,"column":null}},"23":{"start":{"line":58,"column":29},"end":{"line":65,"column":null}},"24":{"start":{"line":59,"column":4},"end":{"line":59,"column":null}},"25":{"start":{"line":60,"column":4},"end":{"line":60,"column":null}},"26":{"start":{"line":61,"column":4},"end":{"line":61,"column":null}},"27":{"start":{"line":62,"column":4},"end":{"line":62,"column":null}},"28":{"start":{"line":63,"column":4},"end":{"line":63,"column":null}},"29":{"start":{"line":64,"column":4},"end":{"line":64,"column":null}},"30":{"start":{"line":67,"column":2},"end":{"line":121,"column":null}}},"fnMap":{"0":{"name":"(anonymous_0)","decl":{"start":{"line":12,"column":19},"end":{"line":12,"column":25}},"loc":{"start":{"line":12,"column":25},"end":{"line":123,"column":null}}},"1":{"name":"(anonymous_1)","decl":{"start":{"line":28,"column":12},"end":{"line":28,"column":18}},"loc":{"start":{"line":28,"column":18},"end":{"line":41,"column":5}}},"2":{"name":"(anonymous_2)","decl":{"start":{"line":31,"column":12},"end":{"line":31,"column":20}},"loc":{"start":{"line":31,"column":20},"end":{"line":36,"column":7}}},"3":{"name":"(anonymous_3)","decl":{"start":{"line":37,"column":13},"end":{"line":37,"column":22}},"loc":{"start":{"line":37,"column":22},"end":{"line":40,"column":7}}},"4":{"name":"(anonymous_4)","decl":{"start":{"line":44,"column":12},"end":{"line":44,"column":18}},"loc":{"start":{"line":44,"column":18},"end":{"line":56,"column":5}}},"5":{"name":"(anonymous_5)","decl":{"start":{"line":58,"column":29},"end":{"line":58,"column":35}},"loc":{"start":{"line":58,"column":35},"end":{"line":65,"column":null}}}},"branchMap":{"0":{"loc":{"start":{"line":100,"column":11},"end":{"line":100,"column":null}},"type":"binary-expr","locations":[{"start":{"line":100,"column":11},"end":{"line":100,"column":23}},{"start":{"line":100,"column":23},"end":{"line":100,"column":null}}]},"1":{"loc":{"start":{"line":110,"column":7},"end":{"line":118,"column":null}},"type":"cond-expr","locations":[{"start":{"line":111,"column":8},"end":{"line":111,"column":null}},{"start":{"line":113,"column":8},"end":{"line":118,"column":null}}]},"2":{"loc":{"start":{"line":113,"column":8},"end":{"line":118,"column":null}},"type":"cond-expr","locations":[{"start":{"line":114,"column":10},"end":{"line":114,"column":null}},{"start":{"line":116,"column":10},"end":{"line":118,"column":null}}]}},"s":{"0":1,"1":8,"2":8,"3":8,"4":8,"5":8,"6":8,"7":8,"8":8,"9":8,"10":8,"11":8,"12":2,"13":2,"14":2,"15":2,"16":0,"17":2,"18":2,"19":8,"20":4,"21":4,"22":4,"23":8,"24":0,"25":0,"26":0,"27":0,"28":0,"29":0,"30":8},"f":{"0":8,"1":2,"2":2,"3":2,"4":4,"5":0},"b":{"0":[8,4],"1":[4,4],"2":[4,0]}},"/Users/zengjingyuan/Projects/Adelaide-Fringe/frontend/src/App.jsx":{"path":"/Users/zengjingyuan/Projects/Adelaide-Fringe/frontend/src/App.jsx","statementMap":{"0":{"start":{"line":6,"column":17},"end":{"line":6,"column":null}},"1":{"start":{"line":8,"column":2},"end":{"line":8,"column":null}},"2":{"start":{"line":9,"column":2},"end":{"line":12,"column":null}}},"fnMap":{"0":{"name":"App","decl":{"start":{"line":5,"column":9},"end":{"line":5,"column":15}},"loc":{"start":{"line":5,"column":15},"end":{"line":14,"column":null}}}},"branchMap":{},"s":{"0":1,"1":1,"2":1},"f":{"0":1},"b":{}},"/Users/zengjingyuan/Projects/Adelaide-Fringe/frontend/src/components/common/CountdownTimer.jsx":{"path":"/Users/zengjingyuan/Projects/Adelaide-Fringe/frontend/src/components/common/CountdownTimer.jsx","statementMap":{"0":{"start":{"line":4,"column":23},"end":{"line":52,"column":null}},"1":{"start":{"line":5,"column":26},"end":{"line":8,"column":null}},"2":{"start":{"line":10,"column":2},"end":{"line":37,"column":null}},"3":{"start":{"line":11,"column":30},"end":{"line":29,"column":null}},"4":{"start":{"line":13,"column":22},"end":{"line":18,"column":null}},"5":{"start":{"line":20,"column":12},"end":{"line":20,"column":null}},"6":{"start":{"line":23,"column":31},"end":{"line":23,"column":null}},"7":{"start":{"line":25,"column":6},"end":{"line":28,"column":null}},"8":{"start":{"line":32,"column":4},"end":{"line":32,"column":null}},"9":{"start":{"line":33,"column":23},"end":{"line":33,"column":null}},"10":{"start":{"line":36,"column":4},"end":{"line":36,"column":null}},"11":{"start":{"line":36,"column":17},"end":{"line":36,"column":null}},"12":{"start":{"line":39,"column":2},"end":{"line":50,"column":null}}},"fnMap":{"0":{"name":"(anonymous_0)","decl":{"start":{"line":4,"column":23},"end":{"line":4,"column":29}},"loc":{"start":{"line":4,"column":29},"end":{"line":52,"column":null}}},"1":{"name":"(anonymous_1)","decl":{"start":{"line":10,"column":12},"end":{"line":10,"column":18}},"loc":{"start":{"line":10,"column":18},"end":{"line":37,"column":5}}},"2":{"name":"(anonymous_2)","decl":{"start":{"line":11,"column":30},"end":{"line":11,"column":36}},"loc":{"start":{"line":11,"column":36},"end":{"line":29,"column":null}}},"3":{"name":"(anonymous_3)","decl":{"start":{"line":36,"column":11},"end":{"line":36,"column":17}},"loc":{"start":{"line":36,"column":17},"end":{"line":36,"column":null}}}},"branchMap":{},"s":{"0":1,"1":3,"2":3,"3":1,"4":1,"5":1,"6":1,"7":1,"8":1,"9":1,"10":1,"11":1,"12":3},"f":{"0":3,"1":1,"2":1,"3":1},"b":{}},"/Users/zengjingyuan/Projects/Adelaide-Fringe/frontend/src/pages/HomePage.jsx":{"path":"/Users/zengjingyuan/Projects/Adelaide-Fringe/frontend/src/pages/HomePage.jsx","statementMap":{"0":{"start":{"line":8,"column":17},"end":{"line":56,"column":null}},"1":{"start":{"line":9,"column":46},"end":{"line":9,"column":null}},"2":{"start":{"line":10,"column":32},"end":{"line":10,"column":null}},"3":{"start":{"line":12,"column":2},"end":{"line":23,"column":null}},"4":{"start":{"line":14,"column":4},"end":{"line":22,"column":null}},"5":{"start":{"line":16,"column":8},"end":{"line":16,"column":null}},"6":{"start":{"line":17,"column":8},"end":{"line":17,"column":null}},"7":{"start":{"line":20,"column":8},"end":{"line":20,"column":null}},"8":{"start":{"line":21,"column":8},"end":{"line":21,"column":null}},"9":{"start":{"line":25,"column":2},"end":{"line":54,"column":null}}},"fnMap":{"0":{"name":"(anonymous_0)","decl":{"start":{"line":8,"column":17},"end":{"line":8,"column":23}},"loc":{"start":{"line":8,"column":23},"end":{"line":56,"column":null}}},"1":{"name":"(anonymous_1)","decl":{"start":{"line":12,"column":12},"end":{"line":12,"column":18}},"loc":{"start":{"line":12,"column":18},"end":{"line":23,"column":5}}},"2":{"name":"(anonymous_2)","decl":{"start":{"line":15,"column":12},"end":{"line":15,"column":20}},"loc":{"start":{"line":15,"column":20},"end":{"line":18,"column":7}}},"3":{"name":"(anonymous_3)","decl":{"start":{"line":19,"column":13},"end":{"line":19,"column":22}},"loc":{"start":{"line":19,"column":22},"end":{"line":22,"column":7}}}},"branchMap":{"0":{"loc":{"start":{"line":40,"column":7},"end":{"line":43,"column":null}},"type":"cond-expr","locations":[{"start":{"line":41,"column":8},"end":{"line":41,"column":null}},{"start":{"line":43,"column":8},"end":{"line":43,"column":null}}]}},"s":{"0":1,"1":2,"2":2,"3":2,"4":1,"5":1,"6":1,"7":0,"8":0,"9":2},"f":{"0":2,"1":1,"2":1,"3":0},"b":{"0":[1,1]}},"/Users/zengjingyuan/Projects/Adelaide-Fringe/frontend/src/components/common/filters/DateFilter.jsx":{"path":"/Users/zengjingyuan/Projects/Adelaide-Fringe/frontend/src/components/common/filters/DateFilter.jsx","statementMap":{"0":{"start":{"line":4,"column":19},"end":{"line":32,"column":null}},"1":{"start":{"line":5,"column":2},"end":{"line":30,"column":null}},"2":{"start":{"line":15,"column":29},"end":{"line":15,"column":null}},"3":{"start":{"line":25,"column":29},"end":{"line":25,"column":null}}},"fnMap":{"0":{"name":"(anonymous_0)","decl":{"start":{"line":4,"column":19},"end":{"line":4,"column":20}},"loc":{"start":{"line":4,"column":83},"end":{"line":32,"column":null}}},"1":{"name":"(anonymous_1)","decl":{"start":{"line":15,"column":22},"end":{"line":15,"column":23}},"loc":{"start":{"line":15,"column":29},"end":{"line":15,"column":null}}},"2":{"name":"(anonymous_2)","decl":{"start":{"line":25,"column":22},"end":{"line":25,"column":23}},"loc":{"start":{"line":25,"column":29},"end":{"line":25,"column":null}}}},"branchMap":{},"s":{"0":0,"1":0,"2":0,"3":0},"f":{"0":0,"1":0,"2":0},"b":{}},"/Users/zengjingyuan/Projects/Adelaide-Fringe/frontend/src/components/common/filters/PriceFilter.jsx":{"path":"/Users/zengjingyuan/Projects/Adelaide-Fringe/frontend/src/components/common/filters/PriceFilter.jsx","statementMap":{"0":{"start":{"line":4,"column":20},"end":{"line":34,"column":null}},"1":{"start":{"line":5,"column":2},"end":{"line":32,"column":null}},"2":{"start":{"line":15,"column":29},"end":{"line":15,"column":null}},"3":{"start":{"line":26,"column":29},"end":{"line":26,"column":null}}},"fnMap":{"0":{"name":"(anonymous_0)","decl":{"start":{"line":4,"column":20},"end":{"line":4,"column":21}},"loc":{"start":{"line":4,"column":84},"end":{"line":34,"column":null}}},"1":{"name":"(anonymous_1)","decl":{"start":{"line":15,"column":22},"end":{"line":15,"column":23}},"loc":{"start":{"line":15,"column":29},"end":{"line":15,"column":null}}},"2":{"name":"(anonymous_2)","decl":{"start":{"line":26,"column":22},"end":{"line":26,"column":23}},"loc":{"start":{"line":26,"column":29},"end":{"line":26,"column":null}}}},"branchMap":{},"s":{"0":0,"1":0,"2":0,"3":0},"f":{"0":0,"1":0,"2":0},"b":{}},"/Users/zengjingyuan/Projects/Adelaide-Fringe/frontend/src/components/common/filters/VenueFilter.jsx":{"path":"/Users/zengjingyuan/Projects/Adelaide-Fringe/frontend/src/components/common/filters/VenueFilter.jsx","statementMap":{"0":{"start":{"line":4,"column":20},"end":{"line":31,"column":null}},"1":{"start":{"line":5,"column":28},"end":{"line":11,"column":null}},"2":{"start":{"line":6,"column":4},"end":{"line":10,"column":null}},"3":{"start":{"line":7,"column":6},"end":{"line":7,"column":null}},"4":{"start":{"line":7,"column":42},"end":{"line":7,"column":53}},"5":{"start":{"line":9,"column":6},"end":{"line":9,"column":null}},"6":{"start":{"line":13,"column":2},"end":{"line":29,"column":null}},"7":{"start":{"line":18,"column":10},"end":{"line":26,"column":null}},"8":{"start":{"line":22,"column":30},"end":{"line":22,"column":null}}},"fnMap":{"0":{"name":"(anonymous_0)","decl":{"start":{"line":4,"column":20},"end":{"line":4,"column":21}},"loc":{"start":{"line":4,"column":62},"end":{"line":31,"column":null}}},"1":{"name":"(anonymous_1)","decl":{"start":{"line":5,"column":28},"end":{"line":5,"column":29}},"loc":{"start":{"line":5,"column":39},"end":{"line":11,"column":null}}},"2":{"name":"(anonymous_2)","decl":{"start":{"line":7,"column":37},"end":{"line":7,"column":42}},"loc":{"start":{"line":7,"column":42},"end":{"line":7,"column":53}}},"3":{"name":"(anonymous_3)","decl":{"start":{"line":17,"column":20},"end":{"line":17,"column":null}},"loc":{"start":{"line":18,"column":10},"end":{"line":26,"column":null}}},"4":{"name":"(anonymous_4)","decl":{"start":{"line":22,"column":24},"end":{"line":22,"column":30}},"loc":{"start":{"line":22,"column":30},"end":{"line":22,"column":null}}}},"branchMap":{"0":{"loc":{"start":{"line":6,"column":4},"end":{"line":10,"column":null}},"type":"if","locations":[{"start":{"line":6,"column":4},"end":{"line":10,"column":null}},{"start":{"line":8,"column":11},"end":{"line":10,"column":null}}]}},"s":{"0":0,"1":0,"2":0,"3":0,"4":0,"5":0,"6":0,"7":0,"8":0},"f":{"0":0,"1":0,"2":0,"3":0,"4":0},"b":{"0":[0,0]}},"/Users/zengjingyuan/Projects/Adelaide-Fringe/frontend/src/components/layout/AdminLayout.jsx":{"path":"/Users/zengjingyuan/Projects/Adelaide-Fringe/frontend/src/components/layout/AdminLayout.jsx","statementMap":{"0":{"start":{"line":7,"column":20},"end":{"line":88,"column":null}},"1":{"start":{"line":8,"column":19},"end":{"line":8,"column":null}},"2":{"start":{"line":9,"column":23},"end":{"line":9,"column":null}},"3":{"start":{"line":10,"column":15},"end":{"line":10,"column":null}},"4":{"start":{"line":12,"column":23},"end":{"line":16,"column":null}},"5":{"start":{"line":13,"column":4},"end":{"line":15,"column":null}},"6":{"start":{"line":14,"column":6},"end":{"line":14,"column":null}},"7":{"start":{"line":18,"column":2},"end":{"line":86,"column":null}}},"fnMap":{"0":{"name":"(anonymous_0)","decl":{"start":{"line":7,"column":20},"end":{"line":7,"column":26}},"loc":{"start":{"line":7,"column":26},"end":{"line":88,"column":null}}},"1":{"name":"(anonymous_1)","decl":{"start":{"line":12,"column":23},"end":{"line":12,"column":29}},"loc":{"start":{"line":12,"column":29},"end":{"line":16,"column":null}}},"2":{"name":"(anonymous_2)","decl":{"start":{"line":13,"column":18},"end":{"line":13,"column":24}},"loc":{"start":{"line":13,"column":24},"end":{"line":15,"column":5}}}},"branchMap":{"0":{"loc":{"start":{"line":27,"column":29},"end":{"line":27,"column":null}},"type":"cond-expr","locations":[{"start":{"line":27,"column":53},"end":{"line":27,"column":69}},{"start":{"line":27,"column":69},"end":{"line":27,"column":null}}]},"1":{"loc":{"start":{"line":35,"column":29},"end":{"line":35,"column":null}},"type":"cond-expr","locations":[{"start":{"line":35,"column":130},"end":{"line":35,"column":146}},{"start":{"line":35,"column":146},"end":{"line":35,"column":null}}]},"2":{"loc":{"start":{"line":35,"column":29},"end":{"line":35,"column":130}},"type":"binary-expr","locations":[{"start":{"line":35,"column":29},"end":{"line":35,"column":67}},{"start":{"line":35,"column":67},"end":{"line":35,"column":100}},{"start":{"line":35,"column":100},"end":{"line":35,"column":130}}]},"3":{"loc":{"start":{"line":43,"column":29},"end":{"line":43,"column":null}},"type":"cond-expr","locations":[{"start":{"line":43,"column":67},"end":{"line":43,"column":83}},{"start":{"line":43,"column":83},"end":{"line":43,"column":null}}]},"4":{"loc":{"start":{"line":51,"column":29},"end":{"line":51,"column":null}},"type":"cond-expr","locations":[{"start":{"line":51,"column":61},"end":{"line":51,"column":77}},{"start":{"line":51,"column":77},"end":{"line":51,"column":null}}]},"5":{"loc":{"start":{"line":75,"column":13},"end":{"line":75,"column":null}},"type":"binary-expr","locations":[{"start":{"line":75,"column":13},"end":{"line":75,"column":38}},{"start":{"line":75,"column":38},"end":{"line":75,"column":null}}]},"6":{"loc":{"start":{"line":76,"column":13},"end":{"line":76,"column":null}},"type":"binary-expr","locations":[{"start":{"line":76,"column":13},"end":{"line":76,"column":45}},{"start":{"line":76,"column":45},"end":{"line":76,"column":null}}]},"7":{"loc":{"start":{"line":77,"column":13},"end":{"line":77,"column":null}},"type":"binary-expr","locations":[{"start":{"line":77,"column":13},"end":{"line":77,"column":52}},{"start":{"line":77,"column":52},"end":{"line":77,"column":null}}]},"8":{"loc":{"start":{"line":78,"column":13},"end":{"line":78,"column":null}},"type":"binary-expr","locations":[{"start":{"line":78,"column":13},"end":{"line":78,"column":56}},{"start":{"line":78,"column":56},"end":{"line":78,"column":null}}]},"9":{"loc":{"start":{"line":79,"column":13},"end":{"line":79,"column":null}},"type":"binary-expr","locations":[{"start":{"line":79,"column":13},"end":{"line":79,"column":46}},{"start":{"line":79,"column":46},"end":{"line":79,"column":null}}]}},"s":{"0":0,"1":0,"2":0,"3":0,"4":0,"5":0,"6":0,"7":0},"f":{"0":0,"1":0,"2":0},"b":{"0":[0,0],"1":[0,0],"2":[0,0,0],"3":[0,0],"4":[0,0],"5":[0,0],"6":[0,0],"7":[0,0],"8":[0,0],"9":[0,0]}},"/Users/zengjingyuan/Projects/Adelaide-Fringe/frontend/src/components/layout/Footer.jsx":{"path":"/Users/zengjingyuan/Projects/Adelaide-Fringe/frontend/src/components/layout/Footer.jsx","statementMap":{"0":{"start":{"line":3,"column":15},"end":{"line":11,"column":null}},"1":{"start":{"line":4,"column":2},"end":{"line":9,"column":null}}},"fnMap":{"0":{"name":"(anonymous_0)","decl":{"start":{"line":3,"column":15},"end":{"line":3,"column":21}},"loc":{"start":{"line":3,"column":21},"end":{"line":11,"column":null}}}},"branchMap":{},"s":{"0":0,"1":0},"f":{"0":0},"b":{}},"/Users/zengjingyuan/Projects/Adelaide-Fringe/frontend/src/components/layout/Header.jsx":{"path":"/Users/zengjingyuan/Projects/Adelaide-Fringe/frontend/src/components/layout/Header.jsx","statementMap":{"0":{"start":{"line":10,"column":15},"end":{"line":218,"column":null}},"1":{"start":{"line":11,"column":50},"end":{"line":11,"column":null}},"2":{"start":{"line":12,"column":56},"end":{"line":12,"column":null}},"3":{"start":{"line":13,"column":38},"end":{"line":13,"column":null}},"4":{"start":{"line":14,"column":26},"end":{"line":14,"column":null}},"5":{"start":{"line":15,"column":38},"end":{"line":15,"column":null}},"6":{"start":{"line":16,"column":44},"end":{"line":16,"column":null}},"7":{"start":{"line":17,"column":36},"end":{"line":17,"column":null}},"8":{"start":{"line":18,"column":42},"end":{"line":18,"column":null}},"9":{"start":{"line":20,"column":22},"end":{"line":20,"column":null}},"10":{"start":{"line":21,"column":20},"end":{"line":21,"column":null}},"11":{"start":{"line":24,"column":2},"end":{"line":34,"column":null}},"12":{"start":{"line":25,"column":22},"end":{"line":31,"column":null}},"13":{"start":{"line":26,"column":19},"end":{"line":26,"column":null}},"14":{"start":{"line":27,"column":6},"end":{"line":27,"column":null}},"15":{"start":{"line":28,"column":6},"end":{"line":30,"column":null}},"16":{"start":{"line":29,"column":8},"end":{"line":29,"column":null}},"17":{"start":{"line":33,"column":4},"end":{"line":33,"column":null}},"18":{"start":{"line":37,"column":2},"end":{"line":59,"column":null}},"19":{"start":{"line":38,"column":31},"end":{"line":48,"column":null}},"20":{"start":{"line":39,"column":6},"end":{"line":47,"column":null}},"21":{"start":{"line":46,"column":8},"end":{"line":46,"column":null}},"22":{"start":{"line":51,"column":4},"end":{"line":53,"column":null}},"23":{"start":{"line":52,"column":6},"end":{"line":52,"column":null}},"24":{"start":{"line":56,"column":4},"end":{"line":58,"column":null}},"25":{"start":{"line":57,"column":6},"end":{"line":57,"column":null}},"26":{"start":{"line":62,"column":25},"end":{"line":65,"column":null}},"27":{"start":{"line":63,"column":4},"end":{"line":63,"column":null}},"28":{"start":{"line":63,"column":29},"end":{"line":63,"column":null}},"29":{"start":{"line":64,"column":4},"end":{"line":64,"column":null}},"30":{"start":{"line":67,"column":25},"end":{"line":69,"column":null}},"31":{"start":{"line":68,"column":4},"end":{"line":68,"column":null}},"32":{"start":{"line":71,"column":22},"end":{"line":90,"column":null}},"33":{"start":{"line":72,"column":4},"end":{"line":72,"column":null}},"34":{"start":{"line":73,"column":4},"end":{"line":73,"column":null}},"35":{"start":{"line":75,"column":4},"end":{"line":89,"column":null}},"36":{"start":{"line":78,"column":8},"end":{"line":78,"column":null}},"37":{"start":{"line":79,"column":8},"end":{"line":79,"column":null}},"38":{"start":{"line":80,"column":8},"end":{"line":80,"column":null}},"39":{"start":{"line":81,"column":8},"end":{"line":81,"column":null}},"40":{"start":{"line":84,"column":8},"end":{"line":84,"column":null}},"41":{"start":{"line":85,"column":8},"end":{"line":85,"column":null}},"42":{"start":{"line":88,"column":8},"end":{"line":88,"column":null}},"43":{"start":{"line":92,"column":25},"end":{"line":110,"column":null}},"44":{"start":{"line":93,"column":4},"end":{"line":93,"column":null}},"45":{"start":{"line":94,"column":4},"end":{"line":94,"column":null}},"46":{"start":{"line":96,"column":4},"end":{"line":109,"column":null}},"47":{"start":{"line":98,"column":8},"end":{"line":98,"column":null}},"48":{"start":{"line":99,"column":8},"end":{"line":99,"column":null}},"49":{"start":{"line":100,"column":8},"end":{"line":100,"column":null}},"50":{"start":{"line":101,"column":8},"end":{"line":101,"column":null}},"51":{"start":{"line":104,"column":8},"end":{"line":104,"column":null}},"52":{"start":{"line":105,"column":8},"end":{"line":105,"column":null}},"53":{"start":{"line":108,"column":8},"end":{"line":108,"column":null}},"54":{"start":{"line":112,"column":23},"end":{"line":123,"column":null}},"55":{"start":{"line":113,"column":4},"end":{"line":122,"column":null}},"56":{"start":{"line":115,"column":8},"end":{"line":115,"column":null}},"57":{"start":{"line":116,"column":8},"end":{"line":116,"column":null}},"58":{"start":{"line":117,"column":8},"end":{"line":117,"column":null}},"59":{"start":{"line":118,"column":8},"end":{"line":118,"column":null}},"60":{"start":{"line":121,"column":8},"end":{"line":121,"column":null}},"61":{"start":{"line":125,"column":2},"end":{"line":216,"column":null}},"62":{"start":{"line":149,"column":35},"end":{"line":149,"column":null}},"63":{"start":{"line":157,"column":35},"end":{"line":157,"column":null}},"64":{"start":{"line":175,"column":18},"end":{"line":175,"column":null}},"65":{"start":{"line":176,"column":18},"end":{"line":176,"column":null}},"66":{"start":{"line":185,"column":18},"end":{"line":185,"column":null}},"67":{"start":{"line":186,"column":18},"end":{"line":186,"column":null}},"68":{"start":{"line":200,"column":23},"end":{"line":200,"column":null}},"69":{"start":{"line":210,"column":23},"end":{"line":210,"column":null}}},"fnMap":{"0":{"name":"(anonymous_0)","decl":{"start":{"line":10,"column":15},"end":{"line":10,"column":21}},"loc":{"start":{"line":10,"column":21},"end":{"line":218,"column":null}}},"1":{"name":"(anonymous_1)","decl":{"start":{"line":24,"column":12},"end":{"line":24,"column":18}},"loc":{"start":{"line":24,"column":18},"end":{"line":34,"column":5}}},"2":{"name":"(anonymous_2)","decl":{"start":{"line":25,"column":22},"end":{"line":25,"column":28}},"loc":{"start":{"line":25,"column":28},"end":{"line":31,"column":null}}},"3":{"name":"(anonymous_3)","decl":{"start":{"line":37,"column":12},"end":{"line":37,"column":18}},"loc":{"start":{"line":37,"column":18},"end":{"line":59,"column":5}}},"4":{"name":"(anonymous_4)","decl":{"start":{"line":38,"column":31},"end":{"line":38,"column":32}},"loc":{"start":{"line":38,"column":42},"end":{"line":48,"column":null}}},"5":{"name":"(anonymous_5)","decl":{"start":{"line":56,"column":11},"end":{"line":56,"column":17}},"loc":{"start":{"line":56,"column":17},"end":{"line":58,"column":null}}},"6":{"name":"(anonymous_6)","decl":{"start":{"line":62,"column":25},"end":{"line":62,"column":31}},"loc":{"start":{"line":62,"column":31},"end":{"line":65,"column":null}}},"7":{"name":"(anonymous_7)","decl":{"start":{"line":67,"column":25},"end":{"line":67,"column":31}},"loc":{"start":{"line":67,"column":31},"end":{"line":69,"column":null}}},"8":{"name":"(anonymous_8)","decl":{"start":{"line":71,"column":22},"end":{"line":71,"column":23}},"loc":{"start":{"line":71,"column":39},"end":{"line":90,"column":null}}},"9":{"name":"(anonymous_9)","decl":{"start":{"line":76,"column":12},"end":{"line":76,"column":20}},"loc":{"start":{"line":76,"column":20},"end":{"line":82,"column":7}}},"10":{"name":"(anonymous_10)","decl":{"start":{"line":83,"column":13},"end":{"line":83,"column":22}},"loc":{"start":{"line":83,"column":22},"end":{"line":86,"column":7}}},"11":{"name":"(anonymous_11)","decl":{"start":{"line":87,"column":15},"end":{"line":87,"column":21}},"loc":{"start":{"line":87,"column":21},"end":{"line":89,"column":7}}},"12":{"name":"(anonymous_12)","decl":{"start":{"line":92,"column":25},"end":{"line":92,"column":26}},"loc":{"start":{"line":92,"column":39},"end":{"line":110,"column":null}}},"13":{"name":"(anonymous_13)","decl":{"start":{"line":97,"column":12},"end":{"line":97,"column":24}},"loc":{"start":{"line":97,"column":24},"end":{"line":102,"column":7}}},"14":{"name":"(anonymous_14)","decl":{"start":{"line":103,"column":13},"end":{"line":103,"column":22}},"loc":{"start":{"line":103,"column":22},"end":{"line":106,"column":7}}},"15":{"name":"(anonymous_15)","decl":{"start":{"line":107,"column":15},"end":{"line":107,"column":21}},"loc":{"start":{"line":107,"column":21},"end":{"line":109,"column":7}}},"16":{"name":"(anonymous_16)","decl":{"start":{"line":112,"column":23},"end":{"line":112,"column":29}},"loc":{"start":{"line":112,"column":29},"end":{"line":123,"column":null}}},"17":{"name":"(anonymous_17)","decl":{"start":{"line":114,"column":12},"end":{"line":114,"column":18}},"loc":{"start":{"line":114,"column":18},"end":{"line":119,"column":7}}},"18":{"name":"(anonymous_18)","decl":{"start":{"line":120,"column":13},"end":{"line":120,"column":22}},"loc":{"start":{"line":120,"column":22},"end":{"line":122,"column":7}}},"19":{"name":"(anonymous_19)","decl":{"start":{"line":149,"column":29},"end":{"line":149,"column":35}},"loc":{"start":{"line":149,"column":35},"end":{"line":149,"column":null}}},"20":{"name":"(anonymous_20)","decl":{"start":{"line":157,"column":29},"end":{"line":157,"column":35}},"loc":{"start":{"line":157,"column":35},"end":{"line":157,"column":null}}},"21":{"name":"(anonymous_21)","decl":{"start":{"line":174,"column":25},"end":{"line":174,"column":31}},"loc":{"start":{"line":174,"column":31},"end":{"line":177,"column":null}}},"22":{"name":"(anonymous_22)","decl":{"start":{"line":184,"column":25},"end":{"line":184,"column":31}},"loc":{"start":{"line":184,"column":31},"end":{"line":187,"column":null}}},"23":{"name":"(anonymous_23)","decl":{"start":{"line":200,"column":17},"end":{"line":200,"column":23}},"loc":{"start":{"line":200,"column":23},"end":{"line":200,"column":null}}},"24":{"name":"(anonymous_24)","decl":{"start":{"line":210,"column":17},"end":{"line":210,"column":23}},"loc":{"start":{"line":210,"column":23},"end":{"line":210,"column":null}}}},"branchMap":{"0":{"loc":{"start":{"line":28,"column":6},"end":{"line":30,"column":null}},"type":"if","locations":[{"start":{"line":28,"column":6},"end":{"line":30,"column":null}},{"start":{},"end":{}}]},"1":{"loc":{"start":{"line":39,"column":6},"end":{"line":47,"column":null}},"type":"if","locations":[{"start":{"line":39,"column":6},"end":{"line":47,"column":null}},{"start":{},"end":{}}]},"2":{"loc":{"start":{"line":40,"column":8},"end":{"line":44,"column":null}},"type":"binary-expr","locations":[{"start":{"line":40,"column":8},"end":{"line":40,"column":null}},{"start":{"line":41,"column":8},"end":{"line":41,"column":null}},{"start":{"line":42,"column":8},"end":{"line":42,"column":null}},{"start":{"line":43,"column":8},"end":{"line":43,"column":null}},{"start":{"line":44,"column":8},"end":{"line":44,"column":null}}]},"3":{"loc":{"start":{"line":51,"column":4},"end":{"line":53,"column":null}},"type":"if","locations":[{"start":{"line":51,"column":4},"end":{"line":53,"column":null}},{"start":{},"end":{}}]},"4":{"loc":{"start":{"line":63,"column":4},"end":{"line":63,"column":null}},"type":"if","locations":[{"start":{"line":63,"column":4},"end":{"line":63,"column":null}},{"start":{},"end":{}}]},"5":{"loc":{"start":{"line":63,"column":8},"end":{"line":63,"column":29}},"type":"binary-expr","locations":[{"start":{"line":63,"column":8},"end":{"line":63,"column":17}},{"start":{"line":63,"column":17},"end":{"line":63,"column":29}}]},"6":{"loc":{"start":{"line":84,"column":22},"end":{"line":84,"column":84}},"type":"binary-expr","locations":[{"start":{"line":84,"column":22},"end":{"line":84,"column":39}},{"start":{"line":84,"column":39},"end":{"line":84,"column":84}}]},"7":{"loc":{"start":{"line":104,"column":25},"end":{"line":104,"column":87}},"type":"binary-expr","locations":[{"start":{"line":104,"column":25},"end":{"line":104,"column":42}},{"start":{"line":104,"column":42},"end":{"line":104,"column":87}}]},"8":{"loc":{"start":{"line":130,"column":11},"end":{"line":192,"column":null}},"type":"cond-expr","locations":[{"start":{"line":131,"column":12},"end":{"line":169,"column":null}},{"start":{"line":171,"column":12},"end":{"line":192,"column":null}}]},"9":{"loc":{"start":{"line":141,"column":53},"end":{"line":141,"column":84}},"type":"cond-expr","locations":[{"start":{"line":141,"column":68},"end":{"line":141,"column":82}},{"start":{"line":141,"column":82},"end":{"line":141,"column":84}}]},"10":{"loc":{"start":{"line":145,"column":17},"end":{"line":160,"column":null}},"type":"cond-expr","locations":[{"start":{"line":146,"column":18},"end":{"line":152,"column":null}},{"start":{"line":154,"column":18},"end":{"line":160,"column":null}}]},"11":{"loc":{"start":{"line":145,"column":17},"end":{"line":145,"column":null}},"type":"binary-expr","locations":[{"start":{"line":145,"column":17},"end":{"line":145,"column":43}},{"start":{"line":145,"column":43},"end":{"line":145,"column":null}}]},"12":{"loc":{"start":{"line":203,"column":9},"end":{"line":203,"column":null}},"type":"binary-expr","locations":[{"start":{"line":203,"column":9},"end":{"line":203,"column":23}},{"start":{"line":203,"column":23},"end":{"line":203,"column":null}}]},"13":{"loc":{"start":{"line":213,"column":9},"end":{"line":213,"column":null}},"type":"binary-expr","locations":[{"start":{"line":213,"column":9},"end":{"line":213,"column":26}},{"start":{"line":213,"column":26},"end":{"line":213,"column":null}}]}},"s":{"0":0,"1":0,"2":0,"3":0,"4":0,"5":0,"6":0,"7":0,"8":0,"9":0,"10":0,"11":0,"12":0,"13":0,"14":0,"15":0,"16":0,"17":0,"18":0,"19":0,"20":0,"21":0,"22":0,"23":0,"24":0,"25":0,"26":0,"27":0,"28":0,"29":0,"30":0,"31":0,"32":0,"33":0,"34":0,"35":0,"36":0,"37":0,"38":0,"39":0,"40":0,"41":0,"42":0,"43":0,"44":0,"45":0,"46":0,"47":0,"48":0,"49":0,"50":0,"51":0,"52":0,"53":0,"54":0,"55":0,"56":0,"57":0,"58":0,"59":0,"60":0,"61":0,"62":0,"63":0,"64":0,"65":0,"66":0,"67":0,"68":0,"69":0},"f":{"0":0,"1":0,"2":0,"3":0,"4":0,"5":0,"6":0,"7":0,"8":0,"9":0,"10":0,"11":0,"12":0,"13":0,"14":0,"15":0,"16":0,"17":0,"18":0,"19":0,"20":0,"21":0,"22":0,"23":0,"24":0},"b":{"0":[0,0],"1":[0,0],"2":[0,0,0,0,0],"3":[0,0],"4":[0,0],"5":[0,0],"6":[0,0],"7":[0,0],"8":[0,0],"9":[0,0],"10":[0,0],"11":[0,0],"12":[0,0],"13":[0,0]}},"/Users/zengjingyuan/Projects/Adelaide-Fringe/frontend/src/components/layout/MainLayout.jsx":{"path":"/Users/zengjingyuan/Projects/Adelaide-Fringe/frontend/src/components/layout/MainLayout.jsx","statementMap":{"0":{"start":{"line":6,"column":19},"end":{"line":16,"column":null}},"1":{"start":{"line":7,"column":2},"end":{"line":14,"column":null}}},"fnMap":{"0":{"name":"(anonymous_0)","decl":{"start":{"line":6,"column":19},"end":{"line":6,"column":25}},"loc":{"start":{"line":6,"column":25},"end":{"line":16,"column":null}}}},"branchMap":{},"s":{"0":0,"1":0},"f":{"0":0},"b":{}},"/Users/zengjingyuan/Projects/Adelaide-Fringe/frontend/src/components/layout/UserLayout.jsx":{"path":"/Users/zengjingyuan/Projects/Adelaide-Fringe/frontend/src/components/layout/UserLayout.jsx","statementMap":{"0":{"start":{"line":6,"column":19},"end":{"line":86,"column":null}},"1":{"start":{"line":7,"column":19},"end":{"line":7,"column":null}},"2":{"start":{"line":8,"column":23},"end":{"line":8,"column":null}},"3":{"start":{"line":9,"column":15},"end":{"line":9,"column":null}},"4":{"start":{"line":11,"column":23},"end":{"line":15,"column":null}},"5":{"start":{"line":12,"column":4},"end":{"line":14,"column":null}},"6":{"start":{"line":13,"column":6},"end":{"line":13,"column":null}},"7":{"start":{"line":17,"column":2},"end":{"line":84,"column":null}}},"fnMap":{"0":{"name":"(anonymous_0)","decl":{"start":{"line":6,"column":19},"end":{"line":6,"column":25}},"loc":{"start":{"line":6,"column":25},"end":{"line":86,"column":null}}},"1":{"name":"(anonymous_1)","decl":{"start":{"line":11,"column":23},"end":{"line":11,"column":29}},"loc":{"start":{"line":11,"column":29},"end":{"line":15,"column":null}}},"2":{"name":"(anonymous_2)","decl":{"start":{"line":12,"column":18},"end":{"line":12,"column":24}},"loc":{"start":{"line":12,"column":24},"end":{"line":14,"column":5}}}},"branchMap":{"0":{"loc":{"start":{"line":26,"column":29},"end":{"line":26,"column":null}},"type":"cond-expr","locations":[{"start":{"line":26,"column":52},"end":{"line":26,"column":68}},{"start":{"line":26,"column":68},"end":{"line":26,"column":null}}]},"1":{"loc":{"start":{"line":34,"column":29},"end":{"line":34,"column":null}},"type":"cond-expr","locations":[{"start":{"line":34,"column":60},"end":{"line":34,"column":76}},{"start":{"line":34,"column":76},"end":{"line":34,"column":null}}]},"2":{"loc":{"start":{"line":42,"column":29},"end":{"line":42,"column":null}},"type":"cond-expr","locations":[{"start":{"line":42,"column":60},"end":{"line":42,"column":76}},{"start":{"line":42,"column":76},"end":{"line":42,"column":null}}]},"3":{"loc":{"start":{"line":50,"column":29},"end":{"line":50,"column":null}},"type":"cond-expr","locations":[{"start":{"line":50,"column":62},"end":{"line":50,"column":78}},{"start":{"line":50,"column":78},"end":{"line":50,"column":null}}]},"4":{"loc":{"start":{"line":74,"column":13},"end":{"line":74,"column":null}},"type":"binary-expr","locations":[{"start":{"line":74,"column":13},"end":{"line":74,"column":37}},{"start":{"line":74,"column":37},"end":{"line":74,"column":null}}]},"5":{"loc":{"start":{"line":75,"column":13},"end":{"line":75,"column":null}},"type":"binary-expr","locations":[{"start":{"line":75,"column":13},"end":{"line":75,"column":45}},{"start":{"line":75,"column":45},"end":{"line":75,"column":null}}]},"6":{"loc":{"start":{"line":76,"column":13},"end":{"line":76,"column":null}},"type":"binary-expr","locations":[{"start":{"line":76,"column":13},"end":{"line":76,"column":45}},{"start":{"line":76,"column":45},"end":{"line":76,"column":null}}]},"7":{"loc":{"start":{"line":77,"column":13},"end":{"line":77,"column":null}},"type":"binary-expr","locations":[{"start":{"line":77,"column":13},"end":{"line":77,"column":47}},{"start":{"line":77,"column":47},"end":{"line":77,"column":null}}]}},"s":{"0":0,"1":0,"2":0,"3":0,"4":0,"5":0,"6":0,"7":0},"f":{"0":0,"1":0,"2":0},"b":{"0":[0,0],"1":[0,0],"2":[0,0],"3":[0,0],"4":[0,0],"5":[0,0],"6":[0,0],"7":[0,0]}},"/Users/zengjingyuan/Projects/Adelaide-Fringe/frontend/src/components/login/LoginForm.jsx":{"path":"/Users/zengjingyuan/Projects/Adelaide-Fringe/frontend/src/components/login/LoginForm.jsx","statementMap":{"0":{"start":{"line":4,"column":18},"end":{"line":39,"column":null}},"1":{"start":{"line":5,"column":28},"end":{"line":5,"column":null}},"2":{"start":{"line":6,"column":34},"end":{"line":6,"column":null}},"3":{"start":{"line":8,"column":23},"end":{"line":12,"column":null}},"4":{"start":{"line":9,"column":4},"end":{"line":9,"column":null}},"5":{"start":{"line":11,"column":4},"end":{"line":11,"column":null}},"6":{"start":{"line":14,"column":2},"end":{"line":37,"column":null}},"7":{"start":{"line":22,"column":27},"end":{"line":22,"column":null}},"8":{"start":{"line":32,"column":27},"end":{"line":32,"column":null}}},"fnMap":{"0":{"name":"(anonymous_0)","decl":{"start":{"line":4,"column":18},"end":{"line":4,"column":19}},"loc":{"start":{"line":4,"column":35},"end":{"line":39,"column":null}}},"1":{"name":"(anonymous_1)","decl":{"start":{"line":8,"column":23},"end":{"line":8,"column":24}},"loc":{"start":{"line":8,"column":30},"end":{"line":12,"column":null}}},"2":{"name":"(anonymous_2)","decl":{"start":{"line":22,"column":20},"end":{"line":22,"column":21}},"loc":{"start":{"line":22,"column":27},"end":{"line":22,"column":null}}},"3":{"name":"(anonymous_3)","decl":{"start":{"line":32,"column":20},"end":{"line":32,"column":21}},"loc":{"start":{"line":32,"column":27},"end":{"line":32,"column":null}}}},"branchMap":{},"s":{"0":0,"1":0,"2":0,"3":0,"4":0,"5":0,"6":0,"7":0,"8":0},"f":{"0":0,"1":0,"2":0,"3":0},"b":{}},"/Users/zengjingyuan/Projects/Adelaide-Fringe/frontend/src/components/login/RegisterForm.jsx":{"path":"/Users/zengjingyuan/Projects/Adelaide-Fringe/frontend/src/components/login/RegisterForm.jsx","statementMap":{"0":{"start":{"line":4,"column":21},"end":{"line":70,"column":null}},"1":{"start":{"line":5,"column":26},"end":{"line":5,"column":null}},"2":{"start":{"line":6,"column":28},"end":{"line":6,"column":null}},"3":{"start":{"line":7,"column":34},"end":{"line":7,"column":null}},"4":{"start":{"line":8,"column":48},"end":{"line":8,"column":null}},"5":{"start":{"line":9,"column":44},"end":{"line":9,"column":null}},"6":{"start":{"line":11,"column":23},"end":{"line":22,"column":null}},"7":{"start":{"line":12,"column":4},"end":{"line":12,"column":null}},"8":{"start":{"line":15,"column":4},"end":{"line":18,"column":null}},"9":{"start":{"line":16,"column":6},"end":{"line":16,"column":null}},"10":{"start":{"line":17,"column":6},"end":{"line":17,"column":null}},"11":{"start":{"line":20,"column":4},"end":{"line":20,"column":null}},"12":{"start":{"line":21,"column":4},"end":{"line":21,"column":null}},"13":{"start":{"line":24,"column":2},"end":{"line":68,"column":null}},"14":{"start":{"line":32,"column":27},"end":{"line":32,"column":null}},"15":{"start":{"line":42,"column":27},"end":{"line":42,"column":null}},"16":{"start":{"line":52,"column":27},"end":{"line":52,"column":null}},"17":{"start":{"line":62,"column":27},"end":{"line":62,"column":null}}},"fnMap":{"0":{"name":"(anonymous_0)","decl":{"start":{"line":4,"column":21},"end":{"line":4,"column":22}},"loc":{"start":{"line":4,"column":41},"end":{"line":70,"column":null}}},"1":{"name":"(anonymous_1)","decl":{"start":{"line":11,"column":23},"end":{"line":11,"column":24}},"loc":{"start":{"line":11,"column":30},"end":{"line":22,"column":null}}},"2":{"name":"(anonymous_2)","decl":{"start":{"line":32,"column":20},"end":{"line":32,"column":21}},"loc":{"start":{"line":32,"column":27},"end":{"line":32,"column":null}}},"3":{"name":"(anonymous_3)","decl":{"start":{"line":42,"column":20},"end":{"line":42,"column":21}},"loc":{"start":{"line":42,"column":27},"end":{"line":42,"column":null}}},"4":{"name":"(anonymous_4)","decl":{"start":{"line":52,"column":20},"end":{"line":52,"column":21}},"loc":{"start":{"line":52,"column":27},"end":{"line":52,"column":null}}},"5":{"name":"(anonymous_5)","decl":{"start":{"line":62,"column":20},"end":{"line":62,"column":21}},"loc":{"start":{"line":62,"column":27},"end":{"line":62,"column":null}}}},"branchMap":{"0":{"loc":{"start":{"line":15,"column":4},"end":{"line":18,"column":null}},"type":"if","locations":[{"start":{"line":15,"column":4},"end":{"line":18,"column":null}},{"start":{},"end":{}}]},"1":{"loc":{"start":{"line":65,"column":9},"end":{"line":65,"column":null}},"type":"binary-expr","locations":[{"start":{"line":65,"column":9},"end":{"line":65,"column":26}},{"start":{"line":65,"column":26},"end":{"line":65,"column":null}}]}},"s":{"0":0,"1":0,"2":0,"3":0,"4":0,"5":0,"6":0,"7":0,"8":0,"9":0,"10":0,"11":0,"12":0,"13":0,"14":0,"15":0,"16":0,"17":0},"f":{"0":0,"1":0,"2":0,"3":0,"4":0,"5":0},"b":{"0":[0,0],"1":[0,0]}},"/Users/zengjingyuan/Projects/Adelaide-Fringe/frontend/src/components/login/modal.jsx":{"path":"/Users/zengjingyuan/Projects/Adelaide-Fringe/frontend/src/components/login/modal.jsx","statementMap":{"0":{"start":{"line":4,"column":14},"end":{"line":20,"column":null}},"1":{"start":{"line":5,"column":2},"end":{"line":5,"column":null}},"2":{"start":{"line":5,"column":15},"end":{"line":5,"column":null}},"3":{"start":{"line":7,"column":2},"end":{"line":18,"column":null}},"4":{"start":{"line":9,"column":57},"end":{"line":9,"column":null}}},"fnMap":{"0":{"name":"(anonymous_0)","decl":{"start":{"line":4,"column":14},"end":{"line":4,"column":15}},"loc":{"start":{"line":4,"column":56},"end":{"line":20,"column":null}}},"1":{"name":"(anonymous_1)","decl":{"start":{"line":9,"column":52},"end":{"line":9,"column":57}},"loc":{"start":{"line":9,"column":57},"end":{"line":9,"column":null}}}},"branchMap":{"0":{"loc":{"start":{"line":5,"column":2},"end":{"line":5,"column":null}},"type":"if","locations":[{"start":{"line":5,"column":2},"end":{"line":5,"column":null}},{"start":{},"end":{}}]}},"s":{"0":0,"1":0,"2":0,"3":0,"4":0},"f":{"0":0,"1":0},"b":{"0":[0,0]}},"/Users/zengjingyuan/Projects/Adelaide-Fringe/frontend/src/counter.js":{"path":"/Users/zengjingyuan/Projects/Adelaide-Fringe/frontend/src/counter.js","statementMap":{"0":{"start":{"line":2,"column":16},"end":{"line":2,"column":17}},"1":{"start":{"line":3,"column":21},"end":{"line":6,"column":3}},"2":{"start":{"line":4,"column":4},"end":{"line":4,"column":19}},"3":{"start":{"line":5,"column":4},"end":{"line":5,"column":45}},"4":{"start":{"line":7,"column":2},"end":{"line":7,"column":66}},"5":{"start":{"line":7,"column":42},"end":{"line":7,"column":65}},"6":{"start":{"line":8,"column":2},"end":{"line":8,"column":15}}},"fnMap":{"0":{"name":"setupCounter","decl":{"start":{"line":1,"column":16},"end":{"line":1,"column":28}},"loc":{"start":{"line":1,"column":38},"end":{"line":9,"column":1}}},"1":{"name":"(anonymous_1)","decl":{"start":{"line":3,"column":21},"end":{"line":3,"column":22}},"loc":{"start":{"line":3,"column":32},"end":{"line":6,"column":3}}},"2":{"name":"(anonymous_2)","decl":{"start":{"line":7,"column":36},"end":{"line":7,"column":37}},"loc":{"start":{"line":7,"column":42},"end":{"line":7,"column":65}}}},"branchMap":{},"s":{"0":0,"1":0,"2":0,"3":0,"4":0,"5":0,"6":0},"f":{"0":0,"1":0,"2":0},"b":{}},"/Users/zengjingyuan/Projects/Adelaide-Fringe/frontend/src/main.jsx":{"path":"/Users/zengjingyuan/Projects/Adelaide-Fringe/frontend/src/main.jsx","statementMap":{"0":{"start":{"line":6,"column":0},"end":{"line":10,"column":null}}},"fnMap":{},"branchMap":{},"s":{"0":0},"f":{},"b":{}},"/Users/zengjingyuan/Projects/Adelaide-Fringe/frontend/src/pages/admin/AdminDashboard.jsx":{"path":"/Users/zengjingyuan/Projects/Adelaide-Fringe/frontend/src/pages/admin/AdminDashboard.jsx","statementMap":{"0":{"start":{"line":6,"column":23},"end":{"line":112,"column":null}},"1":{"start":{"line":7,"column":28},"end":{"line":11,"column":null}},"2":{"start":{"line":12,"column":42},"end":{"line":12,"column":null}},"3":{"start":{"line":13,"column":32},"end":{"line":13,"column":null}},"4":{"start":{"line":15,"column":2},"end":{"line":40,"column":null}},"5":{"start":{"line":17,"column":4},"end":{"line":39,"column":null}},"6":{"start":{"line":20,"column":22},"end":{"line":20,"column":null}},"7":{"start":{"line":21,"column":25},"end":{"line":24,"column":null}},"8":{"start":{"line":22,"column":28},"end":{"line":22,"column":null}},"9":{"start":{"line":23,"column":10},"end":{"line":23,"column":null}},"10":{"start":{"line":26,"column":8},"end":{"line":30,"column":null}},"11":{"start":{"line":33,"column":8},"end":{"line":33,"column":null}},"12":{"start":{"line":34,"column":8},"end":{"line":34,"column":null}},"13":{"start":{"line":37,"column":8},"end":{"line":37,"column":null}},"14":{"start":{"line":38,"column":8},"end":{"line":38,"column":null}},"15":{"start":{"line":42,"column":2},"end":{"line":110,"column":null}},"16":{"start":{"line":91,"column":18},"end":{"line":103,"column":null}}},"fnMap":{"0":{"name":"(anonymous_0)","decl":{"start":{"line":6,"column":23},"end":{"line":6,"column":29}},"loc":{"start":{"line":6,"column":29},"end":{"line":112,"column":null}}},"1":{"name":"(anonymous_1)","decl":{"start":{"line":15,"column":12},"end":{"line":15,"column":18}},"loc":{"start":{"line":15,"column":18},"end":{"line":40,"column":5}}},"2":{"name":"(anonymous_2)","decl":{"start":{"line":18,"column":12},"end":{"line":18,"column":22}},"loc":{"start":{"line":18,"column":22},"end":{"line":35,"column":7}}},"3":{"name":"(anonymous_3)","decl":{"start":{"line":21,"column":39},"end":{"line":21,"column":48}},"loc":{"start":{"line":21,"column":48},"end":{"line":24,"column":9}}},"4":{"name":"(anonymous_4)","decl":{"start":{"line":36,"column":13},"end":{"line":36,"column":22}},"loc":{"start":{"line":36,"column":22},"end":{"line":39,"column":7}}},"5":{"name":"(anonymous_5)","decl":{"start":{"line":90,"column":34},"end":{"line":90,"column":null}},"loc":{"start":{"line":91,"column":18},"end":{"line":103,"column":null}}}},"branchMap":{"0":{"loc":{"start":{"line":44,"column":7},"end":{"line":108,"column":null}},"type":"cond-expr","locations":[{"start":{"line":45,"column":8},"end":{"line":45,"column":null}},{"start":{"line":47,"column":8},"end":{"line":108,"column":null}}]}},"s":{"0":0,"1":0,"2":0,"3":0,"4":0,"5":0,"6":0,"7":0,"8":0,"9":0,"10":0,"11":0,"12":0,"13":0,"14":0,"15":0,"16":0},"f":{"0":0,"1":0,"2":0,"3":0,"4":0,"5":0},"b":{"0":[0,0]}},"/Users/zengjingyuan/Projects/Adelaide-Fringe/frontend/src/pages/admin/CreateEvent.jsx":{"path":"/Users/zengjingyuan/Projects/Adelaide-Fringe/frontend/src/pages/admin/CreateEvent.jsx","statementMap":{"0":{"start":{"line":5,"column":20},"end":{"line":215,"column":null}},"1":{"start":{"line":6,"column":19},"end":{"line":6,"column":null}},"2":{"start":{"line":7,"column":34},"end":{"line":16,"column":null}},"3":{"start":{"line":17,"column":30},"end":{"line":17,"column":null}},"4":{"start":{"line":18,"column":42},"end":{"line":18,"column":null}},"5":{"start":{"line":20,"column":28},"end":{"line":33,"column":null}},"6":{"start":{"line":21,"column":28},"end":{"line":21,"column":null}},"7":{"start":{"line":22,"column":4},"end":{"line":25,"column":null}},"8":{"start":{"line":27,"column":4},"end":{"line":32,"column":null}},"9":{"start":{"line":28,"column":6},"end":{"line":31,"column":null}},"10":{"start":{"line":35,"column":27},"end":{"line":40,"column":null}},"11":{"start":{"line":36,"column":4},"end":{"line":39,"column":null}},"12":{"start":{"line":42,"column":19},"end":{"line":55,"column":null}},"13":{"start":{"line":43,"column":22},"end":{"line":43,"column":null}},"14":{"start":{"line":46,"column":4},"end":{"line":46,"column":null}},"15":{"start":{"line":46,"column":25},"end":{"line":46,"column":null}},"16":{"start":{"line":47,"column":4},"end":{"line":47,"column":null}},"17":{"start":{"line":47,"column":24},"end":{"line":47,"column":null}},"18":{"start":{"line":48,"column":4},"end":{"line":48,"column":null}},"19":{"start":{"line":48,"column":24},"end":{"line":48,"column":null}},"20":{"start":{"line":49,"column":4},"end":{"line":49,"column":null}},"21":{"start":{"line":49,"column":25},"end":{"line":49,"column":null}},"22":{"start":{"line":50,"column":4},"end":{"line":50,"column":null}},"23":{"start":{"line":50,"column":25},"end":{"line":50,"column":null}},"24":{"start":{"line":51,"column":4},"end":{"line":51,"column":null}},"25":{"start":{"line":51,"column":31},"end":{"line":51,"column":null}},"26":{"start":{"line":52,"column":4},"end":{"line":52,"column":null}},"27":{"start":{"line":52,"column":28},"end":{"line":52,"column":null}},"28":{"start":{"line":54,"column":4},"end":{"line":54,"column":null}},"29":{"start":{"line":57,"column":23},"end":{"line":83,"column":null}},"30":{"start":{"line":58,"column":4},"end":{"line":58,"column":null}},"31":{"start":{"line":61,"column":23},"end":{"line":61,"column":null}},"32":{"start":{"line":62,"column":4},"end":{"line":65,"column":null}},"33":{"start":{"line":63,"column":6},"end":{"line":63,"column":null}},"34":{"start":{"line":64,"column":6},"end":{"line":64,"column":null}},"35":{"start":{"line":67,"column":4},"end":{"line":67,"column":null}},"36":{"start":{"line":69,"column":4},"end":{"line":82,"column":null}},"37":{"start":{"line":72,"column":6},"end":{"line":72,"column":null}},"38":{"start":{"line":72,"column":35},"end":{"line":72,"column":60}},"39":{"start":{"line":74,"column":6},"end":{"line":74,"column":null}},"40":{"start":{"line":75,"column":6},"end":{"line":75,"column":null}},"41":{"start":{"line":76,"column":6},"end":{"line":76,"column":null}},"42":{"start":{"line":78,"column":6},"end":{"line":78,"column":null}},"43":{"start":{"line":79,"column":6},"end":{"line":79,"column":null}},"44":{"start":{"line":81,"column":6},"end":{"line":81,"column":null}},"45":{"start":{"line":85,"column":2},"end":{"line":213,"column":null}},"46":{"start":{"line":198,"column":27},"end":{"line":198,"column":null}}},"fnMap":{"0":{"name":"(anonymous_0)","decl":{"start":{"line":5,"column":20},"end":{"line":5,"column":26}},"loc":{"start":{"line":5,"column":26},"end":{"line":215,"column":null}}},"1":{"name":"(anonymous_1)","decl":{"start":{"line":20,"column":28},"end":{"line":20,"column":29}},"loc":{"start":{"line":20,"column":35},"end":{"line":33,"column":null}}},"2":{"name":"(anonymous_2)","decl":{"start":{"line":35,"column":27},"end":{"line":35,"column":28}},"loc":{"start":{"line":35,"column":34},"end":{"line":40,"column":null}}},"3":{"name":"(anonymous_3)","decl":{"start":{"line":42,"column":19},"end":{"line":42,"column":25}},"loc":{"start":{"line":42,"column":25},"end":{"line":55,"column":null}}},"4":{"name":"(anonymous_4)","decl":{"start":{"line":57,"column":23},"end":{"line":57,"column":30}},"loc":{"start":{"line":57,"column":36},"end":{"line":83,"column":null}}},"5":{"name":"(anonymous_5)","decl":{"start":{"line":72,"column":24},"end":{"line":72,"column":35}},"loc":{"start":{"line":72,"column":35},"end":{"line":72,"column":60}}},"6":{"name":"(anonymous_6)","decl":{"start":{"line":198,"column":21},"end":{"line":198,"column":27}},"loc":{"start":{"line":198,"column":27},"end":{"line":198,"column":null}}}},"branchMap":{"0":{"loc":{"start":{"line":27,"column":4},"end":{"line":32,"column":null}},"type":"if","locations":[{"start":{"line":27,"column":4},"end":{"line":32,"column":null}},{"start":{},"end":{}}]},"1":{"loc":{"start":{"line":46,"column":4},"end":{"line":46,"column":null}},"type":"if","locations":[{"start":{"line":46,"column":4},"end":{"line":46,"column":null}},{"start":{},"end":{}}]},"2":{"loc":{"start":{"line":47,"column":4},"end":{"line":47,"column":null}},"type":"if","locations":[{"start":{"line":47,"column":4},"end":{"line":47,"column":null}},{"start":{},"end":{}}]},"3":{"loc":{"start":{"line":48,"column":4},"end":{"line":48,"column":null}},"type":"if","locations":[{"start":{"line":48,"column":4},"end":{"line":48,"column":null}},{"start":{},"end":{}}]},"4":{"loc":{"start":{"line":49,"column":4},"end":{"line":49,"column":null}},"type":"if","locations":[{"start":{"line":49,"column"
[...]
:{"loc":{"start":{"line":28,"column":4},"end":{"line":41,"column":null}},"type":"if","locations":[{"start":{"line":28,"column":4},"end":{"line":41,"column":null}},{"start":{},"end":{}}]},"1":{"loc":{"start":{"line":32,"column":14},"end":{"line":32,"column":null}},"type":"binary-expr","locations":[{"start":{"line":32,"column":14},"end":{"line":32,"column":34}},{"start":{"line":32,"column":34},"end":{"line":32,"column":null}}]},"2":{"loc":{"start":{"line":33,"column":15},"end":{"line":33,"column":null}},"type":"binary-expr","locations":[{"start":{"line":33,"column":15},"end":{"line":33,"column":36}},{"start":{"line":33,"column":36},"end":{"line":33,"column":null}}]},"3":{"loc":{"start":{"line":53,"column":4},"end":{"line":55,"column":null}},"type":"if","locations":[{"start":{"line":53,"column":4},"end":{"line":55,"column":null}},{"start":{},"end":{}}]},"4":{"loc":{"start":{"line":60,"column":4},"end":{"line":73,"column":null}},"type":"if","locations":[{"start":{"line":60,"column":4},"end":{"line":73,"column":null}},{"start":{},"end":{}}]},"5":{"loc":{"start":{"line":60,"column":8},"end":{"line":60,"column":58}},"type":"binary-expr","locations":[{"start":{"line":60,"column":8},"end":{"line":60,"column":32}},{"start":{"line":60,"column":32},"end":{"line":60,"column":58}}]},"6":{"loc":{"start":{"line":61,"column":6},"end":{"line":64,"column":null}},"type":"if","locations":[{"start":{"line":61,"column":6},"end":{"line":64,"column":null}},{"start":{},"end":{}}]},"7":{"loc":{"start":{"line":65,"column":6},"end":{"line":68,"column":null}},"type":"if","locations":[{"start":{"line":65,"column":6},"end":{"line":68,"column":null}},{"start":{},"end":{}}]},"8":{"loc":{"start":{"line":69,"column":6},"end":{"line":72,"column":null}},"type":"if","locations":[{"start":{"line":69,"column":6},"end":{"line":72,"column":null}},{"start":{},"end":{}}]},"9":{"loc":{"start":{"line":83,"column":4},"end":{"line":85,"column":null}},"type":"if","locations":[{"start":{"line":83,"column":4},"end":{"line":85,"column":null}},{"start":{},"end":{}}]},"10":{"loc":{"start":{"line":110,"column":2},"end":{"line":112,"column":null}},"type":"if","locations":[{"start":{"line":110,"column":2},"end":{"line":112,"column":null}},{"start":{},"end":{}}]},"11":{"loc":{"start":{"line":117,"column":9},"end":{"line":117,"column":null}},"type":"binary-expr","locations":[{"start":{"line":117,"column":9},"end":{"line":117,"column":20}},{"start":{"line":117,"column":20},"end":{"line":117,"column":null}}]},"12":{"loc":{"start":{"line":118,"column":9},"end":{"line":118,"column":null}},"type":"binary-expr","locations":[{"start":{"line":118,"column":9},"end":{"line":118,"column":18}},{"start":{"line":118,"column":18},"end":{"line":118,"column":null}}]},"13":{"loc":{"start":{"line":227,"column":13},"end":{"line":227,"column":null}},"type":"binary-expr","locations":[{"start":{"line":227,"column":13},"end":{"line":227,"column":30}},{"start":{"line":227,"column":30},"end":{"line":227,"column":null}}]},"14":{"loc":{"start":{"line":272,"column":15},"end":{"line":272,"column":null}},"type":"cond-expr","locations":[{"start":{"line":272,"column":30},"end":{"line":272,"column":44}},{"start":{"line":272,"column":44},"end":{"line":272,"column":null}}]}},"s":{"0":0,"1":0,"2":0,"3":0,"4":0,"5":0,"6":0,"7":0,"8":0,"9":0,"10":0,"11":0,"12":0,"13":0,"14":0,"15":0,"16":0,"17":0,"18":0,"19":0,"20":0,"21":0,"22":0,"23":0,"24":0,"25":0,"26":0,"27":0,"28":0,"29":0,"30":0,"31":0,"32":0,"33":0,"34":0,"35":0,"36":0,"37":0,"38":0,"39":0,"40":0,"41":0,"42":0,"43":0,"44":0,"45":0,"46":0,"47":0},"f":{"0":0,"1":0,"2":0,"3":0,"4":0,"5":0},"b":{"0":[0,0],"1":[0,0],"2":[0,0],"3":[0,0],"4":[0,0],"5":[0,0],"6":[0,0],"7":[0,0],"8":[0,0],"9":[0,0],"10":[0,0],"11":[0,0],"12":[0,0],"13":[0,0],"14":[0,0]}},"/Users/zengjingyuan/Projects/Adelaide-Fringe/frontend/src/pages/user/UserTickets.jsx":{"path":"/Users/zengjingyuan/Projects/Adelaide-Fringe/frontend/src/pages/user/UserTickets.jsx","statementMap":{"0":{"start":{"line":5,"column":24},"end":{"line":66,"column":null}},"1":{"start":{"line":68,"column":20},"end":{"line":176,"column":null}},"2":{"start":{"line":69,"column":32},"end":{"line":69,"column":null}},"3":{"start":{"line":70,"column":32},"end":{"line":70,"column":null}},"4":{"start":{"line":71,"column":30},"end":{"line":71,"column":null}},"5":{"start":{"line":73,"column":2},"end":{"line":79,"column":null}},"6":{"start":{"line":75,"column":4},"end":{"line":78,"column":null}},"7":{"start":{"line":76,"column":6},"end":{"line":76,"column":null}},"8":{"start":{"line":77,"column":6},"end":{"line":77,"column":null}},"9":{"start":{"line":82,"column":26},"end":{"line":85,"column":null}},"10":{"start":{"line":83,"column":4},"end":{"line":83,"column":null}},"11":{"start":{"line":83,"column":26},"end":{"line":83,"column":null}},"12":{"start":{"line":84,"column":4},"end":{"line":84,"column":null}},"13":{"start":{"line":87,"column":2},"end":{"line":174,"column":null}},"14":{"start":{"line":92,"column":25},"end":{"line":92,"column":null}},"15":{"start":{"line":98,"column":25},"end":{"line":98,"column":null}},"16":{"start":{"line":104,"column":25},"end":{"line":104,"column":null}},"17":{"start":{"line":117,"column":16},"end":{"line":164,"column":null}}},"fnMap":{"0":{"name":"(anonymous_0)","decl":{"start":{"line":68,"column":20},"end":{"line":68,"column":26}},"loc":{"start":{"line":68,"column":26},"end":{"line":176,"column":null}}},"1":{"name":"(anonymous_1)","decl":{"start":{"line":73,"column":12},"end":{"line":73,"column":18}},"loc":{"start":{"line":73,"column":18},"end":{"line":79,"column":5}}},"2":{"name":"(anonymous_2)","decl":{"start":{"line":75,"column":15},"end":{"line":75,"column":21}},"loc":{"start":{"line":75,"column":21},"end":{"line":78,"column":7}}},"3":{"name":"(anonymous_3)","decl":{"start":{"line":82,"column":41},"end":{"line":82,"column":51}},"loc":{"start":{"line":82,"column":51},"end":{"line":85,"column":3}}},"4":{"name":"(anonymous_4)","decl":{"start":{"line":92,"column":19},"end":{"line":92,"column":25}},"loc":{"start":{"line":92,"column":25},"end":{"line":92,"column":null}}},"5":{"name":"(anonymous_5)","decl":{"start":{"line":98,"column":19},"end":{"line":98,"column":25}},"loc":{"start":{"line":98,"column":25},"end":{"line":98,"column":null}}},"6":{"name":"(anonymous_6)","decl":{"start":{"line":104,"column":19},"end":{"line":104,"column":25}},"loc":{"start":{"line":104,"column":25},"end":{"line":104,"column":null}}},"7":{"name":"(anonymous_7)","decl":{"start":{"line":116,"column":35},"end":{"line":116,"column":null}},"loc":{"start":{"line":117,"column":16},"end":{"line":164,"column":null}}}},"branchMap":{"0":{"loc":{"start":{"line":83,"column":4},"end":{"line":83,"column":null}},"type":"if","locations":[{"start":{"line":83,"column":4},"end":{"line":83,"column":null}},{"start":{},"end":{}}]},"1":{"loc":{"start":{"line":91,"column":44},"end":{"line":91,"column":81}},"type":"cond-expr","locations":[{"start":{"line":91,"column":63},"end":{"line":91,"column":79}},{"start":{"line":91,"column":79},"end":{"line":91,"column":81}}]},"2":{"loc":{"start":{"line":97,"column":44},"end":{"line":97,"column":84}},"type":"cond-expr","locations":[{"start":{"line":97,"column":66},"end":{"line":97,"column":82}},{"start":{"line":97,"column":82},"end":{"line":97,"column":84}}]},"3":{"loc":{"start":{"line":103,"column":44},"end":{"line":103,"column":82}},"type":"cond-expr","locations":[{"start":{"line":103,"column":64},"end":{"line":103,"column":80}},{"start":{"line":103,"column":80},"end":{"line":103,"column":82}}]},"4":{"loc":{"start":{"line":110,"column":7},"end":{"line":172,"column":null}},"type":"cond-expr","locations":[{"start":{"line":111,"column":8},"end":{"line":111,"column":null}},{"start":{"line":113,"column":8},"end":{"line":172,"column":null}}]},"5":{"loc":{"start":{"line":114,"column":11},"end":{"line":170,"column":null}},"type":"cond-expr","locations":[{"start":{"line":115,"column":12},"end":{"line":166,"column":null}},{"start":{"line":168,"column":12},"end":{"line":170,"column":null}}]},"6":{"loc":{"start":{"line":121,"column":23},"end":{"line":121,"column":null}},"type":"cond-expr","locations":[{"start":{"line":121,"column":52},"end":{"line":121,"column":65}},{"start":{"line":121,"column":65},"end":{"line":121,"column":null}}]},"7":{"loc":{"start":{"line":157,"column":23},"end":{"line":160,"column":null}},"type":"binary-expr","locations":[{"start":{"line":157,"column":23},"end":{"line":157,"column":null}},{"start":{"line":158,"column":24},"end":{"line":160,"column":null}}]},"8":{"loc":{"start":{"line":169,"column":21},"end":{"line":169,"column":52}},"type":"cond-expr","locations":[{"start":{"line":169,"column":40},"end":{"line":169,"column":49}},{"start":{"line":169,"column":49},"end":{"line":169,"column":52}}]}},"s":{"0":0,"1":0,"2":0,"3":0,"4":0,"5":0,"6":0,"7":0,"8":0,"9":0,"10":0,"11":0,"12":0,"13":0,"14":0,"15":0,"16":0,"17":0},"f":{"0":0,"1":0,"2":0,"3":0,"4":0,"5":0,"6":0,"7":0},"b":{"0":[0,0],"1":[0,0],"2":[0,0],"3":[0,0],"4":[0,0],"5":[0,0],"6":[0,0],"7":[0,0],"8":[0,0]}},"/Users/zengjingyuan/Projects/Adelaide-Fringe/frontend/src/routes/index.jsx":{"path":"/Users/zengjingyuan/Projects/Adelaide-Fringe/frontend/src/routes/index.jsx","statementMap":{"0":{"start":{"line":21,"column":19},"end":{"line":46,"column":null}},"1":{"start":{"line":22,"column":15},"end":{"line":22,"column":null}},"2":{"start":{"line":25,"column":2},"end":{"line":25,"column":null}},"3":{"start":{"line":26,"column":2},"end":{"line":26,"column":null}},"4":{"start":{"line":27,"column":2},"end":{"line":27,"column":null}},"5":{"start":{"line":30,"column":18},"end":{"line":30,"column":null}},"6":{"start":{"line":32,"column":2},"end":{"line":32,"column":null}},"7":{"start":{"line":34,"column":2},"end":{"line":37,"column":null}},"8":{"start":{"line":35,"column":4},"end":{"line":35,"column":null}},"9":{"start":{"line":36,"column":4},"end":{"line":36,"column":null}},"10":{"start":{"line":39,"column":2},"end":{"line":42,"column":null}},"11":{"start":{"line":40,"column":4},"end":{"line":40,"column":null}},"12":{"start":{"line":41,"column":4},"end":{"line":41,"column":null}},"13":{"start":{"line":44,"column":2},"end":{"line":44,"column":null}},"14":{"start":{"line":45,"column":2},"end":{"line":45,"column":null}},"15":{"start":{"line":49,"column":18},"end":{"line":56,"column":null}},"16":{"start":{"line":50,"column":2},"end":{"line":53,"column":null}},"17":{"start":{"line":52,"column":4},"end":{"line":52,"column":null}},"18":{"start":{"line":55,"column":2},"end":{"line":55,"column":null}},"19":{"start":{"line":58,"column":18},"end":{"line":103,"column":null}},"20":{"start":{"line":59,"column":2},"end":{"line":101,"column":null}}},"fnMap":{"0":{"name":"(anonymous_0)","decl":{"start":{"line":21,"column":19},"end":{"line":21,"column":20}},"loc":{"start":{"line":21,"column":37},"end":{"line":46,"column":null}}},"1":{"name":"(anonymous_1)","decl":{"start":{"line":49,"column":18},"end":{"line":49,"column":19}},"loc":{"start":{"line":49,"column":36},"end":{"line":56,"column":null}}},"2":{"name":"(anonymous_2)","decl":{"start":{"line":58,"column":18},"end":{"line":58,"column":24}},"loc":{"start":{"line":58,"column":24},"end":{"line":103,"column":null}}}},"branchMap":{"0":{"loc":{"start":{"line":30,"column":18},"end":{"line":30,"column":null}},"type":"binary-expr","locations":[{"start":{"line":30,"column":18},"end":{"line":30,"column":27}},{"start":{"line":30,"column":27},"end":{"line":30,"column":52}},{"start":{"line":30,"column":52},"end":{"line":30,"column":null}}]},"1":{"loc":{"start":{"line":34,"column":2},"end":{"line":37,"column":null}},"type":"if","locations":[{"start":{"line":34,"column":2},"end":{"line":37,"column":null}},{"start":{},"end":{}}]},"2":{"loc":{"start":{"line":39,"column":2},"end":{"line":42,"column":null}},"type":"if","locations":[{"start":{"line":39,"column":2},"end":{"line":42,"column":null}},{"start":{},"end":{}}]},"3":{"loc":{"start":{"line":50,"column":2},"end":{"line":53,"column":null}},"type":"if","locations":[{"start":{"line":50,"column":2},"end":{"line":53,"column":null}},{"start":{},"end":{}}]}},"s":{"0":0,"1":0,"2":0,"3":0,"4":0,"5":0,"6":0,"7":0,"8":0,"9":0,"10":0,"11":0,"12":0,"13":0,"14":0,"15":0,"16":0,"17":0,"18":0,"19":0,"20":0},"f":{"0":0,"1":0,"2":0},"b":{"0":[0,0,0],"1":[0,0],"2":[0,0],"3":[0,0]}},"/Users/zengjingyuan/Projects/Adelaide-Fringe/frontend/src/services/filterService.jsx":{"path":"/Users/zengjingyuan/Projects/Adelaide-Fringe/frontend/src/services/filterService.jsx","statementMap":{"0":{"start":{"line":2,"column":29},"end":{"line":5,"column":null}},"1":{"start":{"line":3,"column":20},"end":{"line":3,"column":null}},"2":{"start":{"line":3,"column":48},"end":{"line":3,"column":59}},"3":{"start":{"line":4,"column":2},"end":{"line":4,"column":null}},"4":{"start":{"line":8,"column":31},"end":{"line":25,"column":null}},"5":{"start":{"line":10,"column":2},"end":{"line":12,"column":null}},"6":{"start":{"line":11,"column":4},"end":{"line":11,"column":null}},"7":{"start":{"line":15,"column":18},"end":{"line":15,"column":null}},"8":{"start":{"line":16,"column":2},"end":{"line":16,"column":null}},"9":{"start":{"line":16,"column":40},"end":{"line":16,"column":null}},"10":{"start":{"line":18,"column":2},"end":{"line":24,"column":null}},"11":{"start":{"line":20,"column":4},"end":{"line":20,"column":null}},"12":{"start":{"line":23,"column":4},"end":{"line":23,"column":null}},"13":{"start":{"line":28,"column":28},"end":{"line":58,"column":null}},"14":{"start":{"line":29,"column":81},"end":{"line":29,"column":null}},"15":{"start":{"line":31,"column":2},"end":{"line":57,"column":null}},"16":{"start":{"line":33,"column":26},"end":{"line":35,"column":null}},"17":{"start":{"line":38,"column":25},"end":{"line":39,"column":null}},"18":{"start":{"line":42,"column":22},"end":{"line":42,"column":null}},"19":{"start":{"line":43,"column":4},"end":{"line":47,"column":null}},"20":{"start":{"line":44,"column":24},"end":{"line":44,"column":null}},"21":{"start":{"line":45,"column":6},"end":{"line":45,"column":null}},"22":{"start":{"line":45,"column":56},"end":{"line":45,"column":null}},"23":{"start":{"line":46,"column":6},"end":{"line":46,"column":null}},"24":{"start":{"line":46,"column":52},"end":{"line":46,"column":null}},"25":{"start":{"line":50,"column":23},"end":{"line":50,"column":null}},"26":{"start":{"line":51,"column":4},"end":{"line":54,"column":null}},"27":{"start":{"line":52,"column":25},"end":{"line":52,"column":null}},"28":{"start":{"line":53,"column":6},"end":{"line":53,"column":null}},"29":{"start":{"line":53,"column":66},"end":{"line":53,"column":null}},"30":{"start":{"line":56,"column":4},"end":{"line":56,"column":null}}},"fnMap":{"0":{"name":"(anonymous_0)","decl":{"start":{"line":2,"column":29},"end":{"line":2,"column":30}},"loc":{"start":{"line":2,"column":41},"end":{"line":5,"column":null}}},"1":{"name":"(anonymous_1)","decl":{"start":{"line":3,"column":39},"end":{"line":3,"column":48}},"loc":{"start":{"line":3,"column":48},"end":{"line":3,"column":59}}},"2":{"name":"(anonymous_2)","decl":{"start":{"line":8,"column":31},"end":{"line":8,"column":32}},"loc":{"start":{"line":8,"column":48},"end":{"line":25,"column":null}}},"3":{"name":"(anonymous_3)","decl":{"start":{"line":28,"column":28},"end":{"line":28,"column":29}},"loc":{"start":{"line":28,"column":49},"end":{"line":58,"column":null}}},"4":{"name":"(anonymous_4)","decl":{"start":{"line":31,"column":23},"end":{"line":31,"column":32}},"loc":{"start":{"line":31,"column":32},"end":{"line":57,"column":3}}}},"branchMap":{"0":{"loc":{"start":{"line":10,"column":2},"end":{"line":12,"column":null}},"type":"if","locations":[{"start":{"line":10,"column":2},"end":{"line":12,"column":null}},{"start":{},"end":{}}]},"1":{"loc":{"start":{"line":16,"column":2},"end":{"line":16,"column":null}},"type":"if","locations":[{"start":{"line":16,"column":2},"end":{"line":16,"column":null}},{"start":{},"end":{}}]},"2":{"loc":{"start":{"line":16,"column":6},"end":{"line":16,"column":40}},"type":"binary-expr","locations":[{"start":{"line":16,"column":6},"end":{"line":16,"column":18}},{"start":{"line":16,"column":18},"end":{"line":16,"column":40}}]},"3":{"loc":{"start":{"line":18,"column":2},"end":{"line":24,"column":null}},"type":"if","locations":[{"start":{"line":18,"column":2},"end":{"line":24,"column":null}},{"start":{"line":21,"column":9},"end":{"line":24,"column":null}}]},"4":{"loc":{"start":{"line":33,"column":26},"end":{"line":35,"column":null}},"type":"binary-expr","locations":[{"start":{"line":33,"column":26},"end":{"line":33,"column":null}},{"start":{"line":34,"column":6},"end":{"line":34,"column":null}},{"start":{"line":35,"column":7},"end":{"line":35,"column":28}},{"start":{"line":35,"column":28},"end":{"line":35,"column":null}}]},"5":{"loc":{"start":{"line":38,"column":25},"end":{"line":39,"column":null}},"type":"binary-expr","locations":[{"start":{"line":38,"column":25},"end":{"line":38,"column":null}},{"start":{"line":39,"column":6},"end":{"line":39,"column":null}}]},"6":{"loc":{"start":{"line":43,"column":4},"end":{"line":47,"column":null}},"type":"if","locations":[{"start":{"line":43,"column":4},"end":{"line":47,"column":null}},{"start":{},"end":{}}]},"7":{"loc":{"start":{"line":43,"column":8},"end":{"line":43,"column":30}},"type":"binary-expr","locations":[{"start":{"line":43,"column":8},"end":{"line":43,"column":21}},{"start":{"line":43,"column":21},"end":{"line":43,"column":30}}]},"8":{"loc":{"start":{"line":45,"column":6},"end":{"line":45,"column":null}},"type":"if","locations":[{"start":{"line":45,"column":6},"end":{"line":45,"column":null}},{"start":{},"end":{}}]},"9":{"loc":{"start":{"line":45,"column":10},"end":{"line":45,"column":56}},"type":"binary-expr","locations":[{"start":{"line":45,"column":10},"end":{"line":45,"column":23}},{"start":{"line":45,"column":23},"end":{"line":45,"column":56}}]},"10":{"loc":{"start":{"line":46,"column":6},"end":{"line":46,"column":null}},"type":"if","locations":[{"start":{"line":46,"column":6},"end":{"line":46,"column":null}},{"start":{},"end":{}}]},"11":{"loc":{"start":{"line":46,"column":10},"end":{"line":46,"column":52}},"type":"binary-expr","locations":[{"start":{"line":46,"column":10},"end":{"line":46,"column":21}},{"start":{"line":46,"column":21},"end":{"line":46,"column":52}}]},"12":{"loc":{"start":{"line":51,"column":4},"end":{"line":54,"column":null}},"type":"if","locations":[{"start":{"line":51,"column":4},"end":{"line":54,"column":null}},{"start":{},"end":{}}]},"13":{"loc":{"start":{"line":51,"column":8},"end":{"line":51,"column":45}},"type":"binary-expr","locations":[{"start":{"line":51,"column":8},"end":{"line":51,"column":24}},{"start":{"line":51,"column":24},"end":{"line":51,"column":45}}]},"14":{"loc":{"start":{"line":53,"column":6},"end":{"line":53,"column":null}},"type":"if","locations":[{"start":{"line":53,"column":6},"end":{"line":53,"column":null}},{"start":{},"end":{}}]},"15":{"loc":{"start":{"line":53,"column":10},"end":{"line":53,"column":66}},"type":"binary-expr","locations":[{"start":{"line":53,"column":10},"end":{"line":53,"column":39}},{"start":{"line":53,"column":39},"end":{"line":53,"column":66}}]},"16":{"loc":{"start":{"line":56,"column":11},"end":{"line":56,"column":null}},"type":"binary-expr","locations":[{"start":{"line":56,"column":11},"end":{"line":56,"column":28}},{"start":{"line":56,"column":28},"end":{"line":56,"column":44}},{"start":{"line":56,"column":44},"end":{"line":56,"column":59}},{"start":{"line":56,"column":59},"end":{"line":56,"column":null}}]}},"s":{"0":0,"1":0,"2":0,"3":0,"4":0,"5":0,"6":0,"7":0,"8":0,"9":0,"10":0,"11":0,"12":0,"13":0,"14":0,"15":0,"16":0,"17":0,"18":0,"19":0,"20":0,"21":0,"22":0,"23":0,"24":0,"25":0,"26":0,"27":0,"28":0,"29":0,"30":0},"f":{"0":0,"1":0,"2":0,"3":0,"4":0},"b":{"0":[0,0],"1":[0,0],"2":[0,0],"3":[0,0],"4":[0,0,0,0],"5":[0,0],"6":[0,0],"7":[0,0],"8":[0,0],"9":[0,0],"10":[0,0],"11":[0,0],"12":[0,0],"13":[0,0],"14":[0,0],"15":[0,0],"16":[0,0,0,0]}}}}